[INFO][main][2016-10-30 22:33:02][org.springframework.web.context.ContextLoader] - Root WebApplicationContext: initialization started
[INFO][main][2016-10-30 22:33:02][org.springframework.context.support.AbstractApplicationContext] - Refreshing Root WebApplicationContext: startup date [Sun Oct 30 22:33:02 CST 2016]; root of context hierarchy
[INFO][main][2016-10-30 22:33:02][org.springframework.beans.factory.xml.XmlBeanDefinitionReader] - Loading XML bean definitions from class path resource [spring-mybatis.xml]
[INFO][main][2016-10-30 22:33:02][org.springframework.core.io.support.PropertiesLoaderSupport] - Loading properties file from class path resource [jdbc.properties]
[INFO][main][2016-10-30 22:33:02][org.springframework.beans.factory.annotation.AutowiredAnnotationBeanPostProcessor] - JSR-330 'javax.inject.Inject' annotation found and supported for autowiring
[INFO][main][2016-10-30 22:33:03][org.springframework.web.context.ContextLoader] - Root WebApplicationContext: initialization completed in 853 ms
[INFO][main][2016-10-30 22:33:03][org.springframework.web.servlet.FrameworkServlet] - FrameworkServlet 'SpringMVC': initialization started
[INFO][main][2016-10-30 22:33:03][org.springframework.context.support.AbstractApplicationContext] - Refreshing WebApplicationContext for namespace 'SpringMVC-servlet': startup date [Sun Oct 30 22:33:03 CST 2016]; parent: Root WebApplicationContext
[INFO][main][2016-10-30 22:33:03][org.springframework.beans.factory.xml.XmlBeanDefinitionReader] - Loading XML bean definitions from class path resource [spring-mvc.xml]
[INFO][main][2016-10-30 22:33:03][org.springframework.beans.factory.annotation.AutowiredAnnotationBeanPostProcessor] - JSR-330 'javax.inject.Inject' annotation found and supported for autowiring
[INFO][main][2016-10-30 22:33:03][org.springframework.web.servlet.handler.AbstractUrlHandlerMapping] - Mapped URL path [/apply] onto handler 'applyController'
[INFO][main][2016-10-30 22:33:03][org.springframework.web.servlet.handler.AbstractUrlHandlerMapping] - Mapped URL path [/apply.*] onto handler 'applyController'
[INFO][main][2016-10-30 22:33:03][org.springframework.web.servlet.handler.AbstractUrlHandlerMapping] - Mapped URL path [/apply/] onto handler 'applyController'
[INFO][main][2016-10-30 22:33:03][org.springframework.web.servlet.handler.AbstractUrlHandlerMapping] - Mapped URL path [/user/login] onto handler 'userController'
[INFO][main][2016-10-30 22:33:03][org.springframework.web.servlet.handler.AbstractUrlHandlerMapping] - Mapped URL path [/user/login.*] onto handler 'userController'
[INFO][main][2016-10-30 22:33:03][org.springframework.web.servlet.handler.AbstractUrlHandlerMapping] - Mapped URL path [/user/login/] onto handler 'userController'
[INFO][main][2016-10-30 22:33:03][org.springframework.web.servlet.handler.AbstractUrlHandlerMapping] - Mapped URL path [/user] onto handler 'userController'
[INFO][main][2016-10-30 22:33:03][org.springframework.web.servlet.handler.AbstractUrlHandlerMapping] - Mapped URL path [/user.*] onto handler 'userController'
[INFO][main][2016-10-30 22:33:03][org.springframework.web.servlet.handler.AbstractUrlHandlerMapping] - Mapped URL path [/user/] onto handler 'userController'
[INFO][main][2016-10-30 22:33:03][org.springframework.web.servlet.handler.AbstractUrlHandlerMapping] - Mapped URL path [/audit] onto handler 'auditController'
[INFO][main][2016-10-30 22:33:03][org.springframework.web.servlet.handler.AbstractUrlHandlerMapping] - Mapped URL path [/audit.*] onto handler 'auditController'
[INFO][main][2016-10-30 22:33:03][org.springframework.web.servlet.handler.AbstractUrlHandlerMapping] - Mapped URL path [/audit/] onto handler 'auditController'
[INFO][main][2016-10-30 22:33:03][org.springframework.web.servlet.FrameworkServlet] - FrameworkServlet 'SpringMVC': initialization completed in 229 ms
[WARN][btpool0-1][2016-10-30 22:33:29][org.springframework.web.servlet.mvc.support.DefaultHandlerExceptionResolver] - Request method 'GET' not supported
[INFO][Shutdown][2016-10-30 22:35:29][org.springframework.context.support.AbstractApplicationContext] - Closing WebApplicationContext for namespace 'SpringMVC-servlet': startup date [Sun Oct 30 22:33:03 CST 2016]; parent: Root WebApplicationContext
[INFO][Shutdown][2016-10-30 22:35:29][org.springframework.context.support.AbstractApplicationContext] - Closing Root WebApplicationContext: startup date [Sun Oct 30 22:33:02 CST 2016]; root of context hierarchy
[INFO][main][2016-10-30 22:59:36][org.springframework.web.context.ContextLoader] - Root WebApplicationContext: initialization started
[INFO][main][2016-10-30 22:59:37][org.springframework.context.support.AbstractApplicationContext] - Refreshing Root WebApplicationContext: startup date [Sun Oct 30 22:59:37 CST 2016]; root of context hierarchy
[INFO][main][2016-10-30 22:59:37][org.springframework.beans.factory.xml.XmlBeanDefinitionReader] - Loading XML bean definitions from class path resource [spring-mybatis.xml]
[INFO][main][2016-10-30 22:59:37][org.springframework.core.io.support.PropertiesLoaderSupport] - Loading properties file from class path resource [jdbc.properties]
[INFO][main][2016-10-30 22:59:37][org.springframework.beans.factory.annotation.AutowiredAnnotationBeanPostProcessor] - JSR-330 'javax.inject.Inject' annotation found and supported for autowiring
[INFO][main][2016-10-30 22:59:37][org.springframework.web.context.ContextLoader] - Root WebApplicationContext: initialization completed in 994 ms
[INFO][main][2016-10-30 22:59:38][org.springframework.web.servlet.FrameworkServlet] - FrameworkServlet 'SpringMVC': initialization started
[INFO][main][2016-10-30 22:59:38][org.springframework.context.support.AbstractApplicationContext] - Refreshing WebApplicationContext for namespace 'SpringMVC-servlet': startup date [Sun Oct 30 22:59:38 CST 2016]; parent: Root WebApplicationContext
[INFO][main][2016-10-30 22:59:38][org.springframework.beans.factory.xml.XmlBeanDefinitionReader] - Loading XML bean definitions from class path resource [spring-mvc.xml]
[INFO][main][2016-10-30 22:59:38][org.springframework.beans.factory.annotation.AutowiredAnnotationBeanPostProcessor] - JSR-330 'javax.inject.Inject' annotation found and supported for autowiring
[INFO][main][2016-10-30 22:59:38][org.springframework.web.servlet.handler.AbstractUrlHandlerMapping] - Mapped URL path [/apply] onto handler 'applyController'
[INFO][main][2016-10-30 22:59:38][org.springframework.web.servlet.handler.AbstractUrlHandlerMapping] - Mapped URL path [/apply.*] onto handler 'applyController'
[INFO][main][2016-10-30 22:59:38][org.springframework.web.servlet.handler.AbstractUrlHandlerMapping] - Mapped URL path [/apply/] onto handler 'applyController'
[INFO][main][2016-10-30 22:59:38][org.springframework.web.servlet.handler.AbstractUrlHandlerMapping] - Mapped URL path [/user/login] onto handler 'userController'
[INFO][main][2016-10-30 22:59:38][org.springframework.web.servlet.handler.AbstractUrlHandlerMapping] - Mapped URL path [/user/login.*] onto handler 'userController'
[INFO][main][2016-10-30 22:59:38][org.springframework.web.servlet.handler.AbstractUrlHandlerMapping] - Mapped URL path [/user/login/] onto handler 'userController'
[INFO][main][2016-10-30 22:59:38][org.springframework.web.servlet.handler.AbstractUrlHandlerMapping] - Mapped URL path [/user] onto handler 'userController'
[INFO][main][2016-10-30 22:59:38][org.springframework.web.servlet.handler.AbstractUrlHandlerMapping] - Mapped URL path [/user.*] onto handler 'userController'
[INFO][main][2016-10-30 22:59:38][org.springframework.web.servlet.handler.AbstractUrlHandlerMapping] - Mapped URL path [/user/] onto handler 'userController'
[INFO][main][2016-10-30 22:59:38][org.springframework.web.servlet.handler.AbstractUrlHandlerMapping] - Mapped URL path [/audit] onto handler 'auditController'
[INFO][main][2016-10-30 22:59:38][org.springframework.web.servlet.handler.AbstractUrlHandlerMapping] - Mapped URL path [/audit.*] onto handler 'auditController'
[INFO][main][2016-10-30 22:59:38][org.springframework.web.servlet.handler.AbstractUrlHandlerMapping] - Mapped URL path [/audit/] onto handler 'auditController'
[INFO][main][2016-10-30 22:59:38][org.springframework.web.servlet.FrameworkServlet] - FrameworkServlet 'SpringMVC': initialization completed in 222 ms
[INFO][main][2016-10-30 23:15:43][org.springframework.web.context.ContextLoader] - Root WebApplicationContext: initialization started
[INFO][main][2016-10-30 23:15:44][org.springframework.context.support.AbstractApplicationContext] - Refreshing Root WebApplicationContext: startup date [Sun Oct 30 23:15:44 CST 2016]; root of context hierarchy
[INFO][main][2016-10-30 23:15:44][org.springframework.beans.factory.xml.XmlBeanDefinitionReader] - Loading XML bean definitions from class path resource [spring-mybatis.xml]
[INFO][main][2016-10-30 23:15:44][org.springframework.core.io.support.PropertiesLoaderSupport] - Loading properties file from class path resource [jdbc.properties]
[INFO][main][2016-10-30 23:15:44][org.springframework.beans.factory.annotation.AutowiredAnnotationBeanPostProcessor] - JSR-330 'javax.inject.Inject' annotation found and supported for autowiring
[INFO][main][2016-10-30 23:15:44][org.springframework.web.context.ContextLoader] - Root WebApplicationContext: initialization completed in 1033 ms
[INFO][main][2016-10-30 23:15:45][org.springframework.web.servlet.FrameworkServlet] - FrameworkServlet 'SpringMVC': initialization started
[INFO][main][2016-10-30 23:15:45][org.springframework.context.support.AbstractApplicationContext] - Refreshing WebApplicationContext for namespace 'SpringMVC-servlet': startup date [Sun Oct 30 23:15:45 CST 2016]; parent: Root WebApplicationContext
[INFO][main][2016-10-30 23:15:45][org.springframework.beans.factory.xml.XmlBeanDefinitionReader] - Loading XML bean definitions from class path resource [spring-mvc.xml]
[INFO][main][2016-10-30 23:15:45][org.springframework.beans.factory.annotation.AutowiredAnnotationBeanPostProcessor] - JSR-330 'javax.inject.Inject' annotation found and supported for autowiring
[INFO][main][2016-10-30 23:15:45][org.springframework.web.servlet.handler.AbstractUrlHandlerMapping] - Mapped URL path [/apply] onto handler 'applyController'
[INFO][main][2016-10-30 23:15:45][org.springframework.web.servlet.handler.AbstractUrlHandlerMapping] - Mapped URL path [/apply.*] onto handler 'applyController'
[INFO][main][2016-10-30 23:15:45][org.springframework.web.servlet.handler.AbstractUrlHandlerMapping] - Mapped URL path [/apply/] onto handler 'applyController'
[INFO][main][2016-10-30 23:15:45][org.springframework.web.servlet.handler.AbstractUrlHandlerMapping] - Mapped URL path [/user/login] onto handler 'userController'
[INFO][main][2016-10-30 23:15:45][org.springframework.web.servlet.handler.AbstractUrlHandlerMapping] - Mapped URL path [/user/login.*] onto handler 'userController'
[INFO][main][2016-10-30 23:15:45][org.springframework.web.servlet.handler.AbstractUrlHandlerMapping] - Mapped URL path [/user/login/] onto handler 'userController'
[INFO][main][2016-10-30 23:15:45][org.springframework.web.servlet.handler.AbstractUrlHandlerMapping] - Mapped URL path [/user] onto handler 'userController'
[INFO][main][2016-10-30 23:15:45][org.springframework.web.servlet.handler.AbstractUrlHandlerMapping] - Mapped URL path [/user.*] onto handler 'userController'
[INFO][main][2016-10-30 23:15:45][org.springframework.web.servlet.handler.AbstractUrlHandlerMapping] - Mapped URL path [/user/] onto handler 'userController'
[INFO][main][2016-10-30 23:15:45][org.springframework.web.servlet.handler.AbstractUrlHandlerMapping] - Mapped URL path [/audit] onto handler 'auditController'
[INFO][main][2016-10-30 23:15:45][org.springframework.web.servlet.handler.AbstractUrlHandlerMapping] - Mapped URL path [/audit.*] onto handler 'auditController'
[INFO][main][2016-10-30 23:15:45][org.springframework.web.servlet.handler.AbstractUrlHandlerMapping] - Mapped URL path [/audit/] onto handler 'auditController'
[INFO][main][2016-10-30 23:15:45][org.springframework.web.servlet.FrameworkServlet] - FrameworkServlet 'SpringMVC': initialization completed in 249 ms
[INFO][Shutdown][2016-10-30 23:15:46][org.springframework.context.support.AbstractApplicationContext] - Closing WebApplicationContext for namespace 'SpringMVC-servlet': startup date [Sun Oct 30 23:15:45 CST 2016]; parent: Root WebApplicationContext
[INFO][Shutdown][2016-10-30 23:15:46][org.springframework.context.support.AbstractApplicationContext] - Closing Root WebApplicationContext: startup date [Sun Oct 30 23:15:44 CST 2016]; root of context hierarchy
[INFO][Timer-1][2016-10-30 23:15:48][org.springframework.context.support.AbstractApplicationContext] - Closing WebApplicationContext for namespace 'SpringMVC-servlet': startup date [Sun Oct 30 22:59:38 CST 2016]; parent: Root WebApplicationContext
[INFO][Timer-1][2016-10-30 23:15:48][org.springframework.context.support.AbstractApplicationContext] - Closing Root WebApplicationContext: startup date [Sun Oct 30 22:59:37 CST 2016]; root of context hierarchy
[INFO][Timer-1][2016-10-30 23:15:49][org.springframework.web.context.ContextLoader] - Root WebApplicationContext: initialization started
[INFO][Timer-1][2016-10-30 23:15:49][org.springframework.context.support.AbstractApplicationContext] - Refreshing Root WebApplicationContext: startup date [Sun Oct 30 23:15:49 CST 2016]; root of context hierarchy
[INFO][Timer-1][2016-10-30 23:15:49][org.springframework.beans.factory.xml.XmlBeanDefinitionReader] - Loading XML bean definitions from class path resource [spring-mybatis.xml]
[INFO][Timer-1][2016-10-30 23:15:49][org.springframework.core.io.support.PropertiesLoaderSupport] - Loading properties file from class path resource [jdbc.properties]
[INFO][Timer-1][2016-10-30 23:15:49][org.springframework.beans.factory.annotation.AutowiredAnnotationBeanPostProcessor] - JSR-330 'javax.inject.Inject' annotation found and supported for autowiring
[INFO][Timer-1][2016-10-30 23:15:49][org.springframework.web.context.ContextLoader] - Root WebApplicationContext: initialization completed in 644 ms
[INFO][Timer-1][2016-10-30 23:15:49][org.springframework.web.servlet.FrameworkServlet] - FrameworkServlet 'SpringMVC': initialization started
[INFO][Timer-1][2016-10-30 23:15:49][org.springframework.context.support.AbstractApplicationContext] - Refreshing WebApplicationContext for namespace 'SpringMVC-servlet': startup date [Sun Oct 30 23:15:49 CST 2016]; parent: Root WebApplicationContext
[INFO][Timer-1][2016-10-30 23:15:49][org.springframework.beans.factory.xml.XmlBeanDefinitionReader] - Loading XML bean definitions from class path resource [spring-mvc.xml]
[INFO][Timer-1][2016-10-30 23:15:49][org.springframework.beans.factory.annotation.AutowiredAnnotationBeanPostProcessor] - JSR-330 'javax.inject.Inject' annotation found and supported for autowiring
[INFO][Timer-1][2016-10-30 23:15:50][org.springframework.web.servlet.handler.AbstractUrlHandlerMapping] - Mapped URL path [/apply] onto handler 'applyController'
[INFO][Timer-1][2016-10-30 23:15:50][org.springframework.web.servlet.handler.AbstractUrlHandlerMapping] - Mapped URL path [/apply.*] onto handler 'applyController'
[INFO][Timer-1][2016-10-30 23:15:50][org.springframework.web.servlet.handler.AbstractUrlHandlerMapping] - Mapped URL path [/apply/] onto handler 'applyController'
[INFO][Timer-1][2016-10-30 23:15:50][org.springframework.web.servlet.handler.AbstractUrlHandlerMapping] - Mapped URL path [/user/login] onto handler 'userController'
[INFO][Timer-1][2016-10-30 23:15:50][org.springframework.web.servlet.handler.AbstractUrlHandlerMapping] - Mapped URL path [/user/login.*] onto handler 'userController'
[INFO][Timer-1][2016-10-30 23:15:50][org.springframework.web.servlet.handler.AbstractUrlHandlerMapping] - Mapped URL path [/user/login/] onto handler 'userController'
[INFO][Timer-1][2016-10-30 23:15:50][org.springframework.web.servlet.handler.AbstractUrlHandlerMapping] - Mapped URL path [/user] onto handler 'userController'
[INFO][Timer-1][2016-10-30 23:15:50][org.springframework.web.servlet.handler.AbstractUrlHandlerMapping] - Mapped URL path [/user.*] onto handler 'userController'
[INFO][Timer-1][2016-10-30 23:15:50][org.springframework.web.servlet.handler.AbstractUrlHandlerMapping] - Mapped URL path [/user/] onto handler 'userController'
[INFO][Timer-1][2016-10-30 23:15:50][org.springframework.web.servlet.handler.AbstractUrlHandlerMapping] - Mapped URL path [/audit] onto handler 'auditController'
[INFO][Timer-1][2016-10-30 23:15:50][org.springframework.web.servlet.handler.AbstractUrlHandlerMapping] - Mapped URL path [/audit.*] onto handler 'auditController'
[INFO][Timer-1][2016-10-30 23:15:50][org.springframework.web.servlet.handler.AbstractUrlHandlerMapping] - Mapped URL path [/audit/] onto handler 'auditController'
[INFO][Timer-1][2016-10-30 23:15:50][org.springframework.web.servlet.FrameworkServlet] - FrameworkServlet 'SpringMVC': initialization completed in 191 ms
[INFO][main][2016-10-30 23:29:16][org.springframework.web.context.ContextLoader] - Root WebApplicationContext: initialization started
[INFO][main][2016-10-30 23:29:16][org.springframework.context.support.AbstractApplicationContext] - Refreshing Root WebApplicationContext: startup date [Sun Oct 30 23:29:16 CST 2016]; root of context hierarchy
[INFO][main][2016-10-30 23:29:16][org.springframework.beans.factory.xml.XmlBeanDefinitionReader] - Loading XML bean definitions from class path resource [spring-mybatis.xml]
[INFO][main][2016-10-30 23:29:16][org.springframework.core.io.support.PropertiesLoaderSupport] - Loading properties file from class path resource [jdbc.properties]
[INFO][main][2016-10-30 23:29:16][org.springframework.beans.factory.annotation.AutowiredAnnotationBeanPostProcessor] - JSR-330 'javax.inject.Inject' annotation found and supported for autowiring
[INFO][main][2016-10-30 23:29:17][org.springframework.web.context.ContextLoader] - Root WebApplicationContext: initialization completed in 964 ms
[INFO][main][2016-10-30 23:29:17][org.springframework.web.servlet.FrameworkServlet] - FrameworkServlet 'SpringMVC': initialization started
[INFO][main][2016-10-30 23:29:17][org.springframework.context.support.AbstractApplicationContext] - Refreshing WebApplicationContext for namespace 'SpringMVC-servlet': startup date [Sun Oct 30 23:29:17 CST 2016]; parent: Root WebApplicationContext
[INFO][main][2016-10-30 23:29:17][org.springframework.beans.factory.xml.XmlBeanDefinitionReader] - Loading XML bean definitions from class path resource [spring-mvc.xml]
[INFO][main][2016-10-30 23:29:17][org.springframework.beans.factory.annotation.AutowiredAnnotationBeanPostProcessor] - JSR-330 'javax.inject.Inject' annotation found and supported for autowiring
[INFO][main][2016-10-30 23:29:17][org.springframework.web.servlet.handler.AbstractUrlHandlerMapping] - Mapped URL path [/apply] onto handler 'applyController'
[INFO][main][2016-10-30 23:29:17][org.springframework.web.servlet.handler.AbstractUrlHandlerMapping] - Mapped URL path [/apply.*] onto handler 'applyController'
[INFO][main][2016-10-30 23:29:17][org.springframework.web.servlet.handler.AbstractUrlHandlerMapping] - Mapped URL path [/apply/] onto handler 'applyController'
[INFO][main][2016-10-30 23:29:17][org.springframework.web.servlet.handler.AbstractUrlHandlerMapping] - Mapped URL path [/user/login] onto handler 'userController'
[INFO][main][2016-10-30 23:29:17][org.springframework.web.servlet.handler.AbstractUrlHandlerMapping] - Mapped URL path [/user/login.*] onto handler 'userController'
[INFO][main][2016-10-30 23:29:17][org.springframework.web.servlet.handler.AbstractUrlHandlerMapping] - Mapped URL path [/user/login/] onto handler 'userController'
[INFO][main][2016-10-30 23:29:17][org.springframework.web.servlet.handler.AbstractUrlHandlerMapping] - Mapped URL path [/user] onto handler 'userController'
[INFO][main][2016-10-30 23:29:17][org.springframework.web.servlet.handler.AbstractUrlHandlerMapping] - Mapped URL path [/user.*] onto handler 'userController'
[INFO][main][2016-10-30 23:29:17][org.springframework.web.servlet.handler.AbstractUrlHandlerMapping] - Mapped URL path [/user/] onto handler 'userController'
[INFO][main][2016-10-30 23:29:17][org.springframework.web.servlet.handler.AbstractUrlHandlerMapping] - Mapped URL path [/audit] onto handler 'auditController'
[INFO][main][2016-10-30 23:29:17][org.springframework.web.servlet.handler.AbstractUrlHandlerMapping] - Mapped URL path [/audit.*] onto handler 'auditController'
[INFO][main][2016-10-30 23:29:17][org.springframework.web.servlet.handler.AbstractUrlHandlerMapping] - Mapped URL path [/audit/] onto handler 'auditController'
[INFO][main][2016-10-30 23:29:17][org.springframework.web.servlet.FrameworkServlet] - FrameworkServlet 'SpringMVC': initialization completed in 243 ms
[INFO][Shutdown][2016-10-30 23:29:18][org.springframework.context.support.AbstractApplicationContext] - Closing WebApplicationContext for namespace 'SpringMVC-servlet': startup date [Sun Oct 30 23:29:17 CST 2016]; parent: Root WebApplicationContext
[INFO][Shutdown][2016-10-30 23:29:18][org.springframework.context.support.AbstractApplicationContext] - Closing Root WebApplicationContext: startup date [Sun Oct 30 23:29:16 CST 2016]; root of context hierarchy
[INFO][main][2016-10-30 23:33:33][org.springframework.web.context.ContextLoader] - Root WebApplicationContext: initialization started
[INFO][main][2016-10-30 23:33:33][org.springframework.context.support.AbstractApplicationContext] - Refreshing Root WebApplicationContext: startup date [Sun Oct 30 23:33:33 CST 2016]; root of context hierarchy
[INFO][main][2016-10-30 23:33:33][org.springframework.beans.factory.xml.XmlBeanDefinitionReader] - Loading XML bean definitions from class path resource [spring-mybatis.xml]
[INFO][main][2016-10-30 23:33:34][org.springframework.core.io.support.PropertiesLoaderSupport] - Loading properties file from class path resource [jdbc.properties]
[INFO][main][2016-10-30 23:33:34][org.springframework.beans.factory.annotation.AutowiredAnnotationBeanPostProcessor] - JSR-330 'javax.inject.Inject' annotation found and supported for autowiring
[INFO][main][2016-10-30 23:33:34][org.springframework.web.context.ContextLoader] - Root WebApplicationContext: initialization completed in 1047 ms
[INFO][main][2016-10-30 23:33:34][org.springframework.web.servlet.FrameworkServlet] - FrameworkServlet 'SpringMVC': initialization started
[INFO][main][2016-10-30 23:33:34][org.springframework.context.support.AbstractApplicationContext] - Refreshing WebApplicationContext for namespace 'SpringMVC-servlet': startup date [Sun Oct 30 23:33:34 CST 2016]; parent: Root WebApplicationContext
[INFO][main][2016-10-30 23:33:34][org.springframework.beans.factory.xml.XmlBeanDefinitionReader] - Loading XML bean definitions from class path resource [spring-mvc.xml]
[INFO][main][2016-10-30 23:33:34][org.springframework.beans.factory.annotation.AutowiredAnnotationBeanPostProcessor] - JSR-330 'javax.inject.Inject' annotation found and supported for autowiring
[INFO][main][2016-10-30 23:33:35][org.springframework.web.servlet.handler.AbstractUrlHandlerMapping] - Mapped URL path [/apply] onto handler 'applyController'
[INFO][main][2016-10-30 23:33:35][org.springframework.web.servlet.handler.AbstractUrlHandlerMapping] - Mapped URL path [/apply.*] onto handler 'applyController'
[INFO][main][2016-10-30 23:33:35][org.springframework.web.servlet.handler.AbstractUrlHandlerMapping] - Mapped URL path [/apply/] onto handler 'applyController'
[INFO][main][2016-10-30 23:33:35][org.springframework.web.servlet.handler.AbstractUrlHandlerMapping] - Mapped URL path [/user/login] onto handler 'userController'
[INFO][main][2016-10-30 23:33:35][org.springframework.web.servlet.handler.AbstractUrlHandlerMapping] - Mapped URL path [/user/login.*] onto handler 'userController'
[INFO][main][2016-10-30 23:33:35][org.springframework.web.servlet.handler.AbstractUrlHandlerMapping] - Mapped URL path [/user/login/] onto handler 'userController'
[INFO][main][2016-10-30 23:33:35][org.springframework.web.servlet.handler.AbstractUrlHandlerMapping] - Mapped URL path [/user] onto handler 'userController'
[INFO][main][2016-10-30 23:33:35][org.springframework.web.servlet.handler.AbstractUrlHandlerMapping] - Mapped URL path [/user.*] onto handler 'userController'
[INFO][main][2016-10-30 23:33:35][org.springframework.web.servlet.handler.AbstractUrlHandlerMapping] - Mapped URL path [/user/] onto handler 'userController'
[INFO][main][2016-10-30 23:33:35][org.springframework.web.servlet.handler.AbstractUrlHandlerMapping] - Mapped URL path [/audit] onto handler 'auditController'
[INFO][main][2016-10-30 23:33:35][org.springframework.web.servlet.handler.AbstractUrlHandlerMapping] - Mapped URL path [/audit.*] onto handler 'auditController'
[INFO][main][2016-10-30 23:33:35][org.springframework.web.servlet.handler.AbstractUrlHandlerMapping] - Mapped URL path [/audit/] onto handler 'auditController'
[INFO][main][2016-10-30 23:33:35][org.springframework.web.servlet.FrameworkServlet] - FrameworkServlet 'SpringMVC': initialization completed in 256 ms
[INFO][Shutdown][2016-10-30 23:33:35][org.springframework.context.support.AbstractApplicationContext] - Closing WebApplicationContext for namespace 'SpringMVC-servlet': startup date [Sun Oct 30 23:33:34 CST 2016]; parent: Root WebApplicationContext
[INFO][Shutdown][2016-10-30 23:33:35][org.springframework.context.support.AbstractApplicationContext] - Closing Root WebApplicationContext: startup date [Sun Oct 30 23:33:33 CST 2016]; root of context hierarchy
[INFO][Timer-1][2016-10-30 23:33:38][org.springframework.context.support.AbstractApplicationContext] - Closing WebApplicationContext for namespace 'SpringMVC-servlet': startup date [Sun Oct 30 23:15:49 CST 2016]; parent: Root WebApplicationContext
[INFO][Timer-1][2016-10-30 23:33:38][org.springframework.context.support.AbstractApplicationContext] - Closing Root WebApplicationContext: startup date [Sun Oct 30 23:15:49 CST 2016]; root of context hierarchy
[INFO][Timer-1][2016-10-30 23:33:39][org.springframework.web.context.ContextLoader] - Root WebApplicationContext: initialization started
[INFO][Timer-1][2016-10-30 23:33:39][org.springframework.context.support.AbstractApplicationContext] - Refreshing Root WebApplicationContext: startup date [Sun Oct 30 23:33:39 CST 2016]; root of context hierarchy
[INFO][Timer-1][2016-10-30 23:33:39][org.springframework.beans.factory.xml.XmlBeanDefinitionReader] - Loading XML bean definitions from class path resource [spring-mybatis.xml]
[INFO][Timer-1][2016-10-30 23:33:39][org.springframework.core.io.support.PropertiesLoaderSupport] - Loading properties file from class path resource [jdbc.properties]
[INFO][Timer-1][2016-10-30 23:33:39][org.springframework.beans.factory.annotation.AutowiredAnnotationBeanPostProcessor] - JSR-330 'javax.inject.Inject' annotation found and supported for autowiring
[INFO][Timer-1][2016-10-30 23:33:39][org.springframework.web.context.ContextLoader] - Root WebApplicationContext: initialization completed in 566 ms
[INFO][Timer-1][2016-10-30 23:33:39][org.springframework.web.servlet.FrameworkServlet] - FrameworkServlet 'SpringMVC': initialization started
[INFO][Timer-1][2016-10-30 23:33:39][org.springframework.context.support.AbstractApplicationContext] - Refreshing WebApplicationContext for namespace 'SpringMVC-servlet': startup date [Sun Oct 30 23:33:39 CST 2016]; parent: Root WebApplicationContext
[INFO][Timer-1][2016-10-30 23:33:39][org.springframework.beans.factory.xml.XmlBeanDefinitionReader] - Loading XML bean definitions from class path resource [spring-mvc.xml]
[INFO][Timer-1][2016-10-30 23:33:39][org.springframework.beans.factory.annotation.AutowiredAnnotationBeanPostProcessor] - JSR-330 'javax.inject.Inject' annotation found and supported for autowiring
[INFO][Timer-1][2016-10-30 23:33:39][org.springframework.web.servlet.handler.AbstractUrlHandlerMapping] - Mapped URL path [/apply] onto handler 'applyController'
[INFO][Timer-1][2016-10-30 23:33:39][org.springframework.web.servlet.handler.AbstractUrlHandlerMapping] - Mapped URL path [/apply.*] onto handler 'applyController'
[INFO][Timer-1][2016-10-30 23:33:39][org.springframework.web.servlet.handler.AbstractUrlHandlerMapping] - Mapped URL path [/apply/] onto handler 'applyController'
[INFO][Timer-1][2016-10-30 23:33:39][org.springframework.web.servlet.handler.AbstractUrlHandlerMapping] - Mapped URL path [/user/login] onto handler 'userController'
[INFO][Timer-1][2016-10-30 23:33:39][org.springframework.web.servlet.handler.AbstractUrlHandlerMapping] - Mapped URL path [/user/login.*] onto handler 'userController'
[INFO][Timer-1][2016-10-30 23:33:39][org.springframework.web.servlet.handler.AbstractUrlHandlerMapping] - Mapped URL path [/user/login/] onto handler 'userController'
[INFO][Timer-1][2016-10-30 23:33:39][org.springframework.web.servlet.handler.AbstractUrlHandlerMapping] - Mapped URL path [/user] onto handler 'userController'
[INFO][Timer-1][2016-10-30 23:33:39][org.springframework.web.servlet.handler.AbstractUrlHandlerMapping] - Mapped URL path [/user.*] onto handler 'userController'
[INFO][Timer-1][2016-10-30 23:33:39][org.springframework.web.servlet.handler.AbstractUrlHandlerMapping] - Mapped URL path [/user/] onto handler 'userController'
[INFO][Timer-1][2016-10-30 23:33:39][org.springframework.web.servlet.handler.AbstractUrlHandlerMapping] - Mapped URL path [/audit] onto handler 'auditController'
[INFO][Timer-1][2016-10-30 23:33:39][org.springframework.web.servlet.handler.AbstractUrlHandlerMapping] - Mapped URL path [/audit.*] onto handler 'auditController'
[INFO][Timer-1][2016-10-30 23:33:39][org.springframework.web.servlet.handler.AbstractUrlHandlerMapping] - Mapped URL path [/audit/] onto handler 'auditController'
[INFO][Timer-1][2016-10-30 23:33:40][org.springframework.web.servlet.FrameworkServlet] - FrameworkServlet 'SpringMVC': initialization completed in 201 ms
[INFO][main][2016-10-30 23:37:43][org.springframework.web.context.ContextLoader] - Root WebApplicationContext: initialization started
[INFO][main][2016-10-30 23:37:44][org.springframework.context.support.AbstractApplicationContext] - Refreshing Root WebApplicationContext: startup date [Sun Oct 30 23:37:44 CST 2016]; root of context hierarchy
[INFO][main][2016-10-30 23:37:44][org.springframework.beans.factory.xml.XmlBeanDefinitionReader] - Loading XML bean definitions from class path resource [spring-mybatis.xml]
[INFO][main][2016-10-30 23:37:44][org.springframework.core.io.support.PropertiesLoaderSupport] - Loading properties file from class path resource [jdbc.properties]
[INFO][main][2016-10-30 23:37:44][org.springframework.beans.factory.annotation.AutowiredAnnotationBeanPostProcessor] - JSR-330 'javax.inject.Inject' annotation found and supported for autowiring
[INFO][main][2016-10-30 23:37:44][org.springframework.web.context.ContextLoader] - Root WebApplicationContext: initialization completed in 980 ms
[INFO][main][2016-10-30 23:37:45][org.springframework.web.servlet.FrameworkServlet] - FrameworkServlet 'SpringMVC': initialization started
[INFO][main][2016-10-30 23:37:45][org.springframework.context.support.AbstractApplicationContext] - Refreshing WebApplicationContext for namespace 'SpringMVC-servlet': startup date [Sun Oct 30 23:37:45 CST 2016]; parent: Root WebApplicationContext
[INFO][main][2016-10-30 23:37:45][org.springframework.beans.factory.xml.XmlBeanDefinitionReader] - Loading XML bean definitions from class path resource [spring-mvc.xml]
[INFO][main][2016-10-30 23:37:45][org.springframework.beans.factory.annotation.AutowiredAnnotationBeanPostProcessor] - JSR-330 'javax.inject.Inject' annotation found and supported for autowiring
[INFO][main][2016-10-30 23:37:45][org.springframework.web.servlet.handler.AbstractUrlHandlerMapping] - Mapped URL path [/apply] onto handler 'applyController'
[INFO][main][2016-10-30 23:37:45][org.springframework.web.servlet.handler.AbstractUrlHandlerMapping] - Mapped URL path [/apply.*] onto handler 'applyController'
[INFO][main][2016-10-30 23:37:45][org.springframework.web.servlet.handler.AbstractUrlHandlerMapping] - Mapped URL path [/apply/] onto handler 'applyController'
[INFO][main][2016-10-30 23:37:45][org.springframework.web.servlet.handler.AbstractUrlHandlerMapping] - Mapped URL path [/user/login] onto handler 'userController'
[INFO][main][2016-10-30 23:37:45][org.springframework.web.servlet.handler.AbstractUrlHandlerMapping] - Mapped URL path [/user/login.*] onto handler 'userController'
[INFO][main][2016-10-30 23:37:45][org.springframework.web.servlet.handler.AbstractUrlHandlerMapping] - Mapped URL path [/user/login/] onto handler 'userController'
[INFO][main][2016-10-30 23:37:45][org.springframework.web.servlet.handler.AbstractUrlHandlerMapping] - Mapped URL path [/user] onto handler 'userController'
[INFO][main][2016-10-30 23:37:45][org.springframework.web.servlet.handler.AbstractUrlHandlerMapping] - Mapped URL path [/user.*] onto handler 'userController'
[INFO][main][2016-10-30 23:37:45][org.springframework.web.servlet.handler.AbstractUrlHandlerMapping] - Mapped URL path [/user/] onto handler 'userController'
[INFO][main][2016-10-30 23:37:45][org.springframework.web.servlet.handler.AbstractUrlHandlerMapping] - Mapped URL path [/audit] onto handler 'auditController'
[INFO][main][2016-10-30 23:37:45][org.springframework.web.servlet.handler.AbstractUrlHandlerMapping] - Mapped URL path [/audit.*] onto handler 'auditController'
[INFO][main][2016-10-30 23:37:45][org.springframework.web.servlet.handler.AbstractUrlHandlerMapping] - Mapped URL path [/audit/] onto handler 'auditController'
[INFO][main][2016-10-30 23:37:45][org.springframework.web.servlet.FrameworkServlet] - FrameworkServlet 'SpringMVC': initialization completed in 231 ms
[INFO][Shutdown][2016-10-30 23:37:45][org.springframework.context.support.AbstractApplicationContext] - Closing WebApplicationContext for namespace 'SpringMVC-servlet': startup date [Sun Oct 30 23:37:45 CST 2016]; parent: Root WebApplicationContext
[INFO][Shutdown][2016-10-30 23:37:45][org.springframework.context.support.AbstractApplicationContext] - Closing Root WebApplicationContext: startup date [Sun Oct 30 23:37:44 CST 2016]; root of context hierarchy
[INFO][main][2016-10-30 23:38:35][org.springframework.web.context.ContextLoader] - Root WebApplicationContext: initialization started
[INFO][main][2016-10-30 23:38:36][org.springframework.context.support.AbstractApplicationContext] - Refreshing Root WebApplicationContext: startup date [Sun Oct 30 23:38:36 CST 2016]; root of context hierarchy
[INFO][main][2016-10-30 23:38:36][org.springframework.beans.factory.xml.XmlBeanDefinitionReader] - Loading XML bean definitions from class path resource [spring-mybatis.xml]
[INFO][main][2016-10-30 23:38:36][org.springframework.core.io.support.PropertiesLoaderSupport] - Loading properties file from class path resource [jdbc.properties]
[INFO][main][2016-10-30 23:38:36][org.springframework.beans.factory.annotation.AutowiredAnnotationBeanPostProcessor] - JSR-330 'javax.inject.Inject' annotation found and supported for autowiring
[INFO][main][2016-10-30 23:38:36][org.springframework.web.context.ContextLoader] - Root WebApplicationContext: initialization completed in 986 ms
[INFO][main][2016-10-30 23:38:37][org.springframework.web.servlet.FrameworkServlet] - FrameworkServlet 'SpringMVC': initialization started
[INFO][main][2016-10-30 23:38:37][org.springframework.context.support.AbstractApplicationContext] - Refreshing WebApplicationContext for namespace 'SpringMVC-servlet': startup date [Sun Oct 30 23:38:37 CST 2016]; parent: Root WebApplicationContext
[INFO][main][2016-10-30 23:38:37][org.springframework.beans.factory.xml.XmlBeanDefinitionReader] - Loading XML bean definitions from class path resource [spring-mvc.xml]
[INFO][main][2016-10-30 23:38:37][org.springframework.beans.factory.annotation.AutowiredAnnotationBeanPostProcessor] - JSR-330 'javax.inject.Inject' annotation found and supported for autowiring
[INFO][main][2016-10-30 23:38:37][org.springframework.web.servlet.handler.AbstractUrlHandlerMapping] - Mapped URL path [/apply] onto handler 'applyController'
[INFO][main][2016-10-30 23:38:37][org.springframework.web.servlet.handler.AbstractUrlHandlerMapping] - Mapped URL path [/apply.*] onto handler 'applyController'
[INFO][main][2016-10-30 23:38:37][org.springframework.web.servlet.handler.AbstractUrlHandlerMapping] - Mapped URL path [/apply/] onto handler 'applyController'
[INFO][main][2016-10-30 23:38:37][org.springframework.web.servlet.handler.AbstractUrlHandlerMapping] - Mapped URL path [/user/login] onto handler 'userController'
[INFO][main][2016-10-30 23:38:37][org.springframework.web.servlet.handler.AbstractUrlHandlerMapping] - Mapped URL path [/user/login.*] onto handler 'userController'
[INFO][main][2016-10-30 23:38:37][org.springframework.web.servlet.handler.AbstractUrlHandlerMapping] - Mapped URL path [/user/login/] onto handler 'userController'
[INFO][main][2016-10-30 23:38:37][org.springframework.web.servlet.handler.AbstractUrlHandlerMapping] - Mapped URL path [/user] onto handler 'userController'
[INFO][main][2016-10-30 23:38:37][org.springframework.web.servlet.handler.AbstractUrlHandlerMapping] - Mapped URL path [/user.*] onto handler 'userController'
[INFO][main][2016-10-30 23:38:37][org.springframework.web.servlet.handler.AbstractUrlHandlerMapping] - Mapped URL path [/user/] onto handler 'userController'
[INFO][main][2016-10-30 23:38:37][org.springframework.web.servlet.handler.AbstractUrlHandlerMapping] - Mapped URL path [/audit] onto handler 'auditController'
[INFO][main][2016-10-30 23:38:37][org.springframework.web.servlet.handler.AbstractUrlHandlerMapping] - Mapped URL path [/audit.*] onto handler 'auditController'
[INFO][main][2016-10-30 23:38:37][org.springframework.web.servlet.handler.AbstractUrlHandlerMapping] - Mapped URL path [/audit/] onto handler 'auditController'
[INFO][main][2016-10-30 23:38:37][org.springframework.web.servlet.FrameworkServlet] - FrameworkServlet 'SpringMVC': initialization completed in 247 ms
[INFO][Shutdown][2016-10-30 23:38:38][org.springframework.context.support.AbstractApplicationContext] - Closing WebApplicationContext for namespace 'SpringMVC-servlet': startup date [Sun Oct 30 23:38:37 CST 2016]; parent: Root WebApplicationContext
[INFO][Shutdown][2016-10-30 23:38:38][org.springframework.context.support.AbstractApplicationContext] - Closing Root WebApplicationContext: startup date [Sun Oct 30 23:38:36 CST 2016]; root of context hierarchy
[INFO][Shutdown][2016-10-30 23:39:50][org.springframework.context.support.AbstractApplicationContext] - Closing WebApplicationContext for namespace 'SpringMVC-servlet': startup date [Sun Oct 30 23:33:39 CST 2016]; parent: Root WebApplicationContext
[INFO][Shutdown][2016-10-30 23:39:50][org.springframework.context.support.AbstractApplicationContext] - Closing Root WebApplicationContext: startup date [Sun Oct 30 23:33:39 CST 2016]; root of context hierarchy
[INFO][main][2016-10-30 23:40:29][org.springframework.web.context.ContextLoader] - Root WebApplicationContext: initialization started
[INFO][main][2016-10-30 23:40:29][org.springframework.context.support.AbstractApplicationContext] - Refreshing Root WebApplicationContext: startup date [Sun Oct 30 23:40:29 CST 2016]; root of context hierarchy
[INFO][main][2016-10-30 23:40:29][org.springframework.beans.factory.xml.XmlBeanDefinitionReader] - Loading XML bean definitions from class path resource [spring-mybatis.xml]
[INFO][main][2016-10-30 23:40:29][org.springframework.core.io.support.PropertiesLoaderSupport] - Loading properties file from class path resource [jdbc.properties]
[INFO][main][2016-10-30 23:40:29][org.springframework.beans.factory.annotation.AutowiredAnnotationBeanPostProcessor] - JSR-330 'javax.inject.Inject' annotation found and supported for autowiring
[INFO][main][2016-10-30 23:40:29][org.springframework.web.context.ContextLoader] - Root WebApplicationContext: initialization completed in 970 ms
[INFO][main][2016-10-30 23:40:30][org.springframework.web.servlet.FrameworkServlet] - FrameworkServlet 'SpringMVC': initialization started
[INFO][main][2016-10-30 23:40:30][org.springframework.context.support.AbstractApplicationContext] - Refreshing WebApplicationContext for namespace 'SpringMVC-servlet': startup date [Sun Oct 30 23:40:30 CST 2016]; parent: Root WebApplicationContext
[INFO][main][2016-10-30 23:40:30][org.springframework.beans.factory.xml.XmlBeanDefinitionReader] - Loading XML bean definitions from class path resource [spring-mvc.xml]
[INFO][main][2016-10-30 23:40:30][org.springframework.beans.factory.annotation.AutowiredAnnotationBeanPostProcessor] - JSR-330 'javax.inject.Inject' annotation found and supported for autowiring
[INFO][main][2016-10-30 23:40:30][org.springframework.web.servlet.handler.AbstractUrlHandlerMapping] - Mapped URL path [/apply] onto handler 'applyController'
[INFO][main][2016-10-30 23:40:30][org.springframework.web.servlet.handler.AbstractUrlHandlerMapping] - Mapped URL path [/apply.*] onto handler 'applyController'
[INFO][main][2016-10-30 23:40:30][org.springframework.web.servlet.handler.AbstractUrlHandlerMapping] - Mapped URL path [/apply/] onto handler 'applyController'
[INFO][main][2016-10-30 23:40:30][org.springframework.web.servlet.handler.AbstractUrlHandlerMapping] - Mapped URL path [/user/login] onto handler 'userController'
[INFO][main][2016-10-30 23:40:30][org.springframework.web.servlet.handler.AbstractUrlHandlerMapping] - Mapped URL path [/user/login.*] onto handler 'userController'
[INFO][main][2016-10-30 23:40:30][org.springframework.web.servlet.handler.AbstractUrlHandlerMapping] - Mapped URL path [/user/login/] onto handler 'userController'
[INFO][main][2016-10-30 23:40:30][org.springframework.web.servlet.handler.AbstractUrlHandlerMapping] - Mapped URL path [/user] onto handler 'userController'
[INFO][main][2016-10-30 23:40:30][org.springframework.web.servlet.handler.AbstractUrlHandlerMapping] - Mapped URL path [/user.*] onto handler 'userController'
[INFO][main][2016-10-30 23:40:30][org.springframework.web.servlet.handler.AbstractUrlHandlerMapping] - Mapped URL path [/user/] onto handler 'userController'
[INFO][main][2016-10-30 23:40:30][org.springframework.web.servlet.handler.AbstractUrlHandlerMapping] - Mapped URL path [/audit] onto handler 'auditController'
[INFO][main][2016-10-30 23:40:30][org.springframework.web.servlet.handler.AbstractUrlHandlerMapping] - Mapped URL path [/audit.*] onto handler 'auditController'
[INFO][main][2016-10-30 23:40:30][org.springframework.web.servlet.handler.AbstractUrlHandlerMapping] - Mapped URL path [/audit/] onto handler 'auditController'
[INFO][main][2016-10-30 23:40:30][org.springframework.web.servlet.FrameworkServlet] - FrameworkServlet 'SpringMVC': initialization completed in 255 ms
[INFO][main][2016-10-30 23:44:54][org.springframework.web.context.ContextLoader] - Root WebApplicationContext: initialization started
[INFO][main][2016-10-30 23:44:54][org.springframework.context.support.AbstractApplicationContext] - Refreshing Root WebApplicationContext: startup date [Sun Oct 30 23:44:54 CST 2016]; root of context hierarchy
[INFO][main][2016-10-30 23:44:54][org.springframework.beans.factory.xml.XmlBeanDefinitionReader] - Loading XML bean definitions from class path resource [spring-mybatis.xml]
[INFO][main][2016-10-30 23:44:54][org.springframework.core.io.support.PropertiesLoaderSupport] - Loading properties file from class path resource [jdbc.properties]
[INFO][main][2016-10-30 23:44:54][org.springframework.beans.factory.annotation.AutowiredAnnotationBeanPostProcessor] - JSR-330 'javax.inject.Inject' annotation found and supported for autowiring
[INFO][main][2016-10-30 23:44:55][org.springframework.web.context.ContextLoader] - Root WebApplicationContext: initialization completed in 1145 ms
[INFO][main][2016-10-30 23:44:55][org.springframework.web.servlet.FrameworkServlet] - FrameworkServlet 'SpringMVC': initialization started
[INFO][main][2016-10-30 23:44:55][org.springframework.context.support.AbstractApplicationContext] - Refreshing WebApplicationContext for namespace 'SpringMVC-servlet': startup date [Sun Oct 30 23:44:55 CST 2016]; parent: Root WebApplicationContext
[INFO][main][2016-10-30 23:44:55][org.springframework.beans.factory.xml.XmlBeanDefinitionReader] - Loading XML bean definitions from class path resource [spring-mvc.xml]
[INFO][main][2016-10-30 23:44:55][org.springframework.beans.factory.annotation.AutowiredAnnotationBeanPostProcessor] - JSR-330 'javax.inject.Inject' annotation found and supported for autowiring
[INFO][main][2016-10-30 23:44:55][org.springframework.web.servlet.handler.AbstractUrlHandlerMapping] - Mapped URL path [/apply] onto handler 'applyController'
[INFO][main][2016-10-30 23:44:55][org.springframework.web.servlet.handler.AbstractUrlHandlerMapping] - Mapped URL path [/apply.*] onto handler 'applyController'
[INFO][main][2016-10-30 23:44:55][org.springframework.web.servlet.handler.AbstractUrlHandlerMapping] - Mapped URL path [/apply/] onto handler 'applyController'
[INFO][main][2016-10-30 23:44:55][org.springframework.web.servlet.handler.AbstractUrlHandlerMapping] - Mapped URL path [/user/login] onto handler 'userController'
[INFO][main][2016-10-30 23:44:55][org.springframework.web.servlet.handler.AbstractUrlHandlerMapping] - Mapped URL path [/user/login.*] onto handler 'userController'
[INFO][main][2016-10-30 23:44:55][org.springframework.web.servlet.handler.AbstractUrlHandlerMapping] - Mapped URL path [/user/login/] onto handler 'userController'
[INFO][main][2016-10-30 23:44:55][org.springframework.web.servlet.handler.AbstractUrlHandlerMapping] - Mapped URL path [/user] onto handler 'userController'
[INFO][main][2016-10-30 23:44:55][org.springframework.web.servlet.handler.AbstractUrlHandlerMapping] - Mapped URL path [/user.*] onto handler 'userController'
[INFO][main][2016-10-30 23:44:55][org.springframework.web.servlet.handler.AbstractUrlHandlerMapping] - Mapped URL path [/user/] onto handler 'userController'
[INFO][main][2016-10-30 23:44:55][org.springframework.web.servlet.handler.AbstractUrlHandlerMapping] - Mapped URL path [/audit] onto handler 'auditController'
[INFO][main][2016-10-30 23:44:55][org.springframework.web.servlet.handler.AbstractUrlHandlerMapping] - Mapped URL path [/audit.*] onto handler 'auditController'
[INFO][main][2016-10-30 23:44:55][org.springframework.web.servlet.handler.AbstractUrlHandlerMapping] - Mapped URL path [/audit/] onto handler 'auditController'
[INFO][main][2016-10-30 23:44:55][org.springframework.web.servlet.FrameworkServlet] - FrameworkServlet 'SpringMVC': initialization completed in 247 ms
[INFO][Shutdown][2016-10-30 23:44:56][org.springframework.context.support.AbstractApplicationContext] - Closing WebApplicationContext for namespace 'SpringMVC-servlet': startup date [Sun Oct 30 23:44:55 CST 2016]; parent: Root WebApplicationContext
[INFO][Shutdown][2016-10-30 23:44:56][org.springframework.context.support.AbstractApplicationContext] - Closing Root WebApplicationContext: startup date [Sun Oct 30 23:44:54 CST 2016]; root of context hierarchy
[INFO][Timer-1][2016-10-30 23:45:01][org.springframework.context.support.AbstractApplicationContext] - Closing WebApplicationContext for namespace 'SpringMVC-servlet': startup date [Sun Oct 30 23:40:30 CST 2016]; parent: Root WebApplicationContext
[INFO][Timer-1][2016-10-30 23:45:01][org.springframework.context.support.AbstractApplicationContext] - Closing Root WebApplicationContext: startup date [Sun Oct 30 23:40:29 CST 2016]; root of context hierarchy
[INFO][Timer-1][2016-10-30 23:45:01][org.springframework.web.context.ContextLoader] - Root WebApplicationContext: initialization started
[INFO][Timer-1][2016-10-30 23:45:01][org.springframework.context.support.AbstractApplicationContext] - Refreshing Root WebApplicationContext: startup date [Sun Oct 30 23:45:01 CST 2016]; root of context hierarchy
[INFO][Timer-1][2016-10-30 23:45:01][org.springframework.beans.factory.xml.XmlBeanDefinitionReader] - Loading XML bean definitions from class path resource [spring-mybatis.xml]
[INFO][Timer-1][2016-10-30 23:45:01][org.springframework.core.io.support.PropertiesLoaderSupport] - Loading properties file from class path resource [jdbc.properties]
[INFO][Timer-1][2016-10-30 23:45:01][org.springframework.beans.factory.annotation.AutowiredAnnotationBeanPostProcessor] - JSR-330 'javax.inject.Inject' annotation found and supported for autowiring
[INFO][Timer-1][2016-10-30 23:45:01][org.springframework.web.context.ContextLoader] - Root WebApplicationContext: initialization completed in 624 ms
[INFO][Timer-1][2016-10-30 23:45:02][org.springframework.web.servlet.FrameworkServlet] - FrameworkServlet 'SpringMVC': initialization started
[INFO][Timer-1][2016-10-30 23:45:02][org.springframework.context.support.AbstractApplicationContext] - Refreshing WebApplicationContext for namespace 'SpringMVC-servlet': startup date [Sun Oct 30 23:45:02 CST 2016]; parent: Root WebApplicationContext
[INFO][Timer-1][2016-10-30 23:45:02][org.springframework.beans.factory.xml.XmlBeanDefinitionReader] - Loading XML bean definitions from class path resource [spring-mvc.xml]
[INFO][Timer-1][2016-10-30 23:45:02][org.springframework.beans.factory.annotation.AutowiredAnnotationBeanPostProcessor] - JSR-330 'javax.inject.Inject' annotation found and supported for autowiring
[INFO][Timer-1][2016-10-30 23:45:02][org.springframework.web.servlet.handler.AbstractUrlHandlerMapping] - Mapped URL path [/apply] onto handler 'applyController'
[INFO][Timer-1][2016-10-30 23:45:02][org.springframework.web.servlet.handler.AbstractUrlHandlerMapping] - Mapped URL path [/apply.*] onto handler 'applyController'
[INFO][Timer-1][2016-10-30 23:45:02][org.springframework.web.servlet.handler.AbstractUrlHandlerMapping] - Mapped URL path [/apply/] onto handler 'applyController'
[INFO][Timer-1][2016-10-30 23:45:02][org.springframework.web.servlet.handler.AbstractUrlHandlerMapping] - Mapped URL path [/user/login] onto handler 'userController'
[INFO][Timer-1][2016-10-30 23:45:02][org.springframework.web.servlet.handler.AbstractUrlHandlerMapping] - Mapped URL path [/user/login.*] onto handler 'userController'
[INFO][Timer-1][2016-10-30 23:45:02][org.springframework.web.servlet.handler.AbstractUrlHandlerMapping] - Mapped URL path [/user/login/] onto handler 'userController'
[INFO][Timer-1][2016-10-30 23:45:02][org.springframework.web.servlet.handler.AbstractUrlHandlerMapping] - Mapped URL path [/user] onto handler 'userController'
[INFO][Timer-1][2016-10-30 23:45:02][org.springframework.web.servlet.handler.AbstractUrlHandlerMapping] - Mapped URL path [/user.*] onto handler 'userController'
[INFO][Timer-1][2016-10-30 23:45:02][org.springframework.web.servlet.handler.AbstractUrlHandlerMapping] - Mapped URL path [/user/] onto handler 'userController'
[INFO][Timer-1][2016-10-30 23:45:02][org.springframework.web.servlet.handler.AbstractUrlHandlerMapping] - Mapped URL path [/audit] onto handler 'auditController'
[INFO][Timer-1][2016-10-30 23:45:02][org.springframework.web.servlet.handler.AbstractUrlHandlerMapping] - Mapped URL path [/audit.*] onto handler 'auditController'
[INFO][Timer-1][2016-10-30 23:45:02][org.springframework.web.servlet.handler.AbstractUrlHandlerMapping] - Mapped URL path [/audit/] onto handler 'auditController'
[INFO][Timer-1][2016-10-30 23:45:02][org.springframework.web.servlet.FrameworkServlet] - FrameworkServlet 'SpringMVC': initialization completed in 214 ms
[INFO][Shutdown][2016-10-30 23:45:43][org.springframework.context.support.AbstractApplicationContext] - Closing WebApplicationContext for namespace 'SpringMVC-servlet': startup date [Sun Oct 30 23:45:02 CST 2016]; parent: Root WebApplicationContext
[INFO][Shutdown][2016-10-30 23:45:43][org.springframework.context.support.AbstractApplicationContext] - Closing Root WebApplicationContext: startup date [Sun Oct 30 23:45:01 CST 2016]; root of context hierarchy
[INFO][main][2016-10-30 23:46:48][org.springframework.web.context.ContextLoader] - Root WebApplicationContext: initialization started
[INFO][main][2016-10-30 23:46:48][org.springframework.context.support.AbstractApplicationContext] - Refreshing Root WebApplicationContext: startup date [Sun Oct 30 23:46:48 CST 2016]; root of context hierarchy
[INFO][main][2016-10-30 23:46:48][org.springframework.beans.factory.xml.XmlBeanDefinitionReader] - Loading XML bean definitions from class path resource [spring-mybatis.xml]
[INFO][main][2016-10-30 23:46:48][org.springframework.core.io.support.PropertiesLoaderSupport] - Loading properties file from class path resource [jdbc.properties]
[INFO][main][2016-10-30 23:46:48][org.springframework.beans.factory.annotation.AutowiredAnnotationBeanPostProcessor] - JSR-330 'javax.inject.Inject' annotation found and supported for autowiring
[INFO][main][2016-10-30 23:46:49][org.springframework.web.context.ContextLoader] - Root WebApplicationContext: initialization completed in 1021 ms
[INFO][main][2016-10-30 23:46:49][org.springframework.web.servlet.FrameworkServlet] - FrameworkServlet 'SpringMVC': initialization started
[INFO][main][2016-10-30 23:46:49][org.springframework.context.support.AbstractApplicationContext] - Refreshing WebApplicationContext for namespace 'SpringMVC-servlet': startup date [Sun Oct 30 23:46:49 CST 2016]; parent: Root WebApplicationContext
[INFO][main][2016-10-30 23:46:49][org.springframework.beans.factory.xml.XmlBeanDefinitionReader] - Loading XML bean definitions from class path resource [spring-mvc.xml]
[INFO][main][2016-10-30 23:46:49][org.springframework.beans.factory.annotation.AutowiredAnnotationBeanPostProcessor] - JSR-330 'javax.inject.Inject' annotation found and supported for autowiring
[INFO][main][2016-10-30 23:46:49][org.springframework.web.servlet.handler.AbstractUrlHandlerMapping] - Mapped URL path [/apply] onto handler 'applyController'
[INFO][main][2016-10-30 23:46:49][org.springframework.web.servlet.handler.AbstractUrlHandlerMapping] - Mapped URL path [/apply.*] onto handler 'applyController'
[INFO][main][2016-10-30 23:46:49][org.springframework.web.servlet.handler.AbstractUrlHandlerMapping] - Mapped URL path [/apply/] onto handler 'applyController'
[INFO][main][2016-10-30 23:46:49][org.springframework.web.servlet.handler.AbstractUrlHandlerMapping] - Mapped URL path [/user/login] onto handler 'userController'
[INFO][main][2016-10-30 23:46:49][org.springframework.web.servlet.handler.AbstractUrlHandlerMapping] - Mapped URL path [/user/login.*] onto handler 'userController'
[INFO][main][2016-10-30 23:46:49][org.springframework.web.servlet.handler.AbstractUrlHandlerMapping] - Mapped URL path [/user/login/] onto handler 'userController'
[INFO][main][2016-10-30 23:46:49][org.springframework.web.servlet.handler.AbstractUrlHandlerMapping] - Mapped URL path [/user] onto handler 'userController'
[INFO][main][2016-10-30 23:46:49][org.springframework.web.servlet.handler.AbstractUrlHandlerMapping] - Mapped URL path [/user.*] onto handler 'userController'
[INFO][main][2016-10-30 23:46:49][org.springframework.web.servlet.handler.AbstractUrlHandlerMapping] - Mapped URL path [/user/] onto handler 'userController'
[INFO][main][2016-10-30 23:46:49][org.springframework.web.servlet.handler.AbstractUrlHandlerMapping] - Mapped URL path [/audit] onto handler 'auditController'
[INFO][main][2016-10-30 23:46:49][org.springframework.web.servlet.handler.AbstractUrlHandlerMapping] - Mapped URL path [/audit.*] onto handler 'auditController'
[INFO][main][2016-10-30 23:46:49][org.springframework.web.servlet.handler.AbstractUrlHandlerMapping] - Mapped URL path [/audit/] onto handler 'auditController'
[INFO][main][2016-10-30 23:46:49][org.springframework.web.servlet.FrameworkServlet] - FrameworkServlet 'SpringMVC': initialization completed in 265 ms
[INFO][Timer-1][2016-10-31 00:14:20][org.springframework.context.support.AbstractApplicationContext] - Closing WebApplicationContext for namespace 'SpringMVC-servlet': startup date [Sun Oct 30 23:46:49 CST 2016]; parent: Root WebApplicationContext
[INFO][Timer-1][2016-10-31 00:14:20][org.springframework.context.support.AbstractApplicationContext] - Closing Root WebApplicationContext: startup date [Sun Oct 30 23:46:48 CST 2016]; root of context hierarchy
[INFO][Timer-1][2016-10-31 00:14:20][org.springframework.web.context.ContextLoader] - Root WebApplicationContext: initialization started
[INFO][Timer-1][2016-10-31 00:14:20][org.springframework.context.support.AbstractApplicationContext] - Refreshing Root WebApplicationContext: startup date [Mon Oct 31 00:14:20 CST 2016]; root of context hierarchy
[INFO][Timer-1][2016-10-31 00:14:20][org.springframework.beans.factory.xml.XmlBeanDefinitionReader] - Loading XML bean definitions from class path resource [spring-mybatis.xml]
[INFO][Timer-1][2016-10-31 00:14:21][org.springframework.core.io.support.PropertiesLoaderSupport] - Loading properties file from class path resource [jdbc.properties]
[INFO][Timer-1][2016-10-31 00:14:21][org.springframework.beans.factory.annotation.AutowiredAnnotationBeanPostProcessor] - JSR-330 'javax.inject.Inject' annotation found and supported for autowiring
[INFO][Timer-1][2016-10-31 00:14:21][org.springframework.web.context.ContextLoader] - Root WebApplicationContext: initialization completed in 995 ms
[INFO][Timer-1][2016-10-31 00:14:22][org.springframework.web.servlet.FrameworkServlet] - FrameworkServlet 'SpringMVC': initialization started
[INFO][Timer-1][2016-10-31 00:14:22][org.springframework.context.support.AbstractApplicationContext] - Refreshing WebApplicationContext for namespace 'SpringMVC-servlet': startup date [Mon Oct 31 00:14:22 CST 2016]; parent: Root WebApplicationContext
[INFO][Timer-1][2016-10-31 00:14:22][org.springframework.beans.factory.xml.XmlBeanDefinitionReader] - Loading XML bean definitions from class path resource [spring-mvc.xml]
[INFO][Timer-1][2016-10-31 00:14:22][org.springframework.beans.factory.annotation.AutowiredAnnotationBeanPostProcessor] - JSR-330 'javax.inject.Inject' annotation found and supported for autowiring
[INFO][Timer-1][2016-10-31 00:14:22][org.springframework.web.servlet.handler.AbstractUrlHandlerMapping] - Mapped URL path [/apply] onto handler 'applyController'
[INFO][Timer-1][2016-10-31 00:14:22][org.springframework.web.servlet.handler.AbstractUrlHandlerMapping] - Mapped URL path [/apply.*] onto handler 'applyController'
[INFO][Timer-1][2016-10-31 00:14:22][org.springframework.web.servlet.handler.AbstractUrlHandlerMapping] - Mapped URL path [/apply/] onto handler 'applyController'
[INFO][Timer-1][2016-10-31 00:14:22][org.springframework.web.servlet.handler.AbstractUrlHandlerMapping] - Mapped URL path [/user/login] onto handler 'userController'
[INFO][Timer-1][2016-10-31 00:14:22][org.springframework.web.servlet.handler.AbstractUrlHandlerMapping] - Mapped URL path [/user/login.*] onto handler 'userController'
[INFO][Timer-1][2016-10-31 00:14:22][org.springframework.web.servlet.handler.AbstractUrlHandlerMapping] - Mapped URL path [/user/login/] onto handler 'userController'
[INFO][Timer-1][2016-10-31 00:14:22][org.springframework.web.servlet.handler.AbstractUrlHandlerMapping] - Mapped URL path [/user] onto handler 'userController'
[INFO][Timer-1][2016-10-31 00:14:22][org.springframework.web.servlet.handler.AbstractUrlHandlerMapping] - Mapped URL path [/user.*] onto handler 'userController'
[INFO][Timer-1][2016-10-31 00:14:22][org.springframework.web.servlet.handler.AbstractUrlHandlerMapping] - Mapped URL path [/user/] onto handler 'userController'
[INFO][Timer-1][2016-10-31 00:14:22][org.springframework.web.servlet.handler.AbstractUrlHandlerMapping] - Mapped URL path [/audit] onto handler 'auditController'
[INFO][Timer-1][2016-10-31 00:14:22][org.springframework.web.servlet.handler.AbstractUrlHandlerMapping] - Mapped URL path [/audit.*] onto handler 'auditController'
[INFO][Timer-1][2016-10-31 00:14:22][org.springframework.web.servlet.handler.AbstractUrlHandlerMapping] - Mapped URL path [/audit/] onto handler 'auditController'
[INFO][Timer-1][2016-10-31 00:14:22][org.springframework.web.servlet.FrameworkServlet] - FrameworkServlet 'SpringMVC': initialization completed in 393 ms
[INFO][Shutdown][2016-10-31 00:15:13][org.springframework.context.support.AbstractApplicationContext] - Closing WebApplicationContext for namespace 'SpringMVC-servlet': startup date [Mon Oct 31 00:14:22 CST 2016]; parent: Root WebApplicationContext
[INFO][Shutdown][2016-10-31 00:15:13][org.springframework.context.support.AbstractApplicationContext] - Closing Root WebApplicationContext: startup date [Mon Oct 31 00:14:20 CST 2016]; root of context hierarchy
[INFO][main][2016-10-31 11:27:11][org.springframework.web.context.ContextLoader] - Root WebApplicationContext: initialization started
[INFO][main][2016-10-31 11:27:11][org.springframework.context.support.AbstractApplicationContext] - Refreshing Root WebApplicationContext: startup date [Mon Oct 31 11:27:11 CST 2016]; root of context hierarchy
[INFO][main][2016-10-31 11:27:11][org.springframework.beans.factory.xml.XmlBeanDefinitionReader] - Loading XML bean definitions from class path resource [spring-mybatis.xml]
[INFO][main][2016-10-31 11:27:11][org.springframework.core.io.support.PropertiesLoaderSupport] - Loading properties file from class path resource [jdbc.properties]
[INFO][main][2016-10-31 11:27:11][org.springframework.beans.factory.annotation.AutowiredAnnotationBeanPostProcessor] - JSR-330 'javax.inject.Inject' annotation found and supported for autowiring
[INFO][main][2016-10-31 11:27:12][org.springframework.web.context.ContextLoader] - Root WebApplicationContext: initialization completed in 1030 ms
[INFO][main][2016-10-31 11:27:12][org.springframework.web.servlet.FrameworkServlet] - FrameworkServlet 'SpringMVC': initialization started
[INFO][main][2016-10-31 11:27:12][org.springframework.context.support.AbstractApplicationContext] - Refreshing WebApplicationContext for namespace 'SpringMVC-servlet': startup date [Mon Oct 31 11:27:12 CST 2016]; parent: Root WebApplicationContext
[INFO][main][2016-10-31 11:27:12][org.springframework.beans.factory.xml.XmlBeanDefinitionReader] - Loading XML bean definitions from class path resource [spring-mvc.xml]
[INFO][main][2016-10-31 11:27:12][org.springframework.beans.factory.annotation.AutowiredAnnotationBeanPostProcessor] - JSR-330 'javax.inject.Inject' annotation found and supported for autowiring
[INFO][main][2016-10-31 11:27:12][org.springframework.web.servlet.handler.AbstractUrlHandlerMapping] - Mapped URL path [/apply] onto handler 'applyController'
[INFO][main][2016-10-31 11:27:12][org.springframework.web.servlet.handler.AbstractUrlHandlerMapping] - Mapped URL path [/apply.*] onto handler 'applyController'
[INFO][main][2016-10-31 11:27:12][org.springframework.web.servlet.handler.AbstractUrlHandlerMapping] - Mapped URL path [/apply/] onto handler 'applyController'
[INFO][main][2016-10-31 11:27:12][org.springframework.web.servlet.handler.AbstractUrlHandlerMapping] - Mapped URL path [/user/login] onto handler 'userController'
[INFO][main][2016-10-31 11:27:12][org.springframework.web.servlet.handler.AbstractUrlHandlerMapping] - Mapped URL path [/user/login.*] onto handler 'userController'
[INFO][main][2016-10-31 11:27:12][org.springframework.web.servlet.handler.AbstractUrlHandlerMapping] - Mapped URL path [/user/login/] onto handler 'userController'
[INFO][main][2016-10-31 11:27:12][org.springframework.web.servlet.handler.AbstractUrlHandlerMapping] - Mapped URL path [/user] onto handler 'userController'
[INFO][main][2016-10-31 11:27:12][org.springframework.web.servlet.handler.AbstractUrlHandlerMapping] - Mapped URL path [/user.*] onto handler 'userController'
[INFO][main][2016-10-31 11:27:12][org.springframework.web.servlet.handler.AbstractUrlHandlerMapping] - Mapped URL path [/user/] onto handler 'userController'
[INFO][main][2016-10-31 11:27:12][org.springframework.web.servlet.handler.AbstractUrlHandlerMapping] - Mapped URL path [/audit] onto handler 'auditController'
[INFO][main][2016-10-31 11:27:12][org.springframework.web.servlet.handler.AbstractUrlHandlerMapping] - Mapped URL path [/audit.*] onto handler 'auditController'
[INFO][main][2016-10-31 11:27:12][org.springframework.web.servlet.handler.AbstractUrlHandlerMapping] - Mapped URL path [/audit/] onto handler 'auditController'
[INFO][main][2016-10-31 11:27:12][org.springframework.web.servlet.FrameworkServlet] - FrameworkServlet 'SpringMVC': initialization completed in 245 ms
[INFO][main][2016-10-31 11:29:23][org.springframework.web.context.ContextLoader] - Root WebApplicationContext: initialization started
[INFO][main][2016-10-31 11:29:24][org.springframework.context.support.AbstractApplicationContext] - Refreshing Root WebApplicationContext: startup date [Mon Oct 31 11:29:24 CST 2016]; root of context hierarchy
[INFO][main][2016-10-31 11:29:24][org.springframework.beans.factory.xml.XmlBeanDefinitionReader] - Loading XML bean definitions from class path resource [spring-mybatis.xml]
[INFO][main][2016-10-31 11:29:24][org.springframework.core.io.support.PropertiesLoaderSupport] - Loading properties file from class path resource [jdbc.properties]
[INFO][main][2016-10-31 11:29:24][org.springframework.beans.factory.annotation.AutowiredAnnotationBeanPostProcessor] - JSR-330 'javax.inject.Inject' annotation found and supported for autowiring
[INFO][main][2016-10-31 11:29:25][org.springframework.web.context.ContextLoader] - Root WebApplicationContext: initialization completed in 1042 ms
[INFO][main][2016-10-31 11:29:25][org.springframework.web.servlet.FrameworkServlet] - FrameworkServlet 'SpringMVC': initialization started
[INFO][main][2016-10-31 11:29:25][org.springframework.context.support.AbstractApplicationContext] - Refreshing WebApplicationContext for namespace 'SpringMVC-servlet': startup date [Mon Oct 31 11:29:25 CST 2016]; parent: Root WebApplicationContext
[INFO][main][2016-10-31 11:29:25][org.springframework.beans.factory.xml.XmlBeanDefinitionReader] - Loading XML bean definitions from class path resource [spring-mvc.xml]
[INFO][main][2016-10-31 11:29:25][org.springframework.beans.factory.annotation.AutowiredAnnotationBeanPostProcessor] - JSR-330 'javax.inject.Inject' annotation found and supported for autowiring
[INFO][main][2016-10-31 11:29:25][org.springframework.web.servlet.handler.AbstractUrlHandlerMapping] - Mapped URL path [/apply] onto handler 'applyController'
[INFO][main][2016-10-31 11:29:25][org.springframework.web.servlet.handler.AbstractUrlHandlerMapping] - Mapped URL path [/apply.*] onto handler 'applyController'
[INFO][main][2016-10-31 11:29:25][org.springframework.web.servlet.handler.AbstractUrlHandlerMapping] - Mapped URL path [/apply/] onto handler 'applyController'
[INFO][main][2016-10-31 11:29:25][org.springframework.web.servlet.handler.AbstractUrlHandlerMapping] - Mapped URL path [/user/login] onto handler 'userController'
[INFO][main][2016-10-31 11:29:25][org.springframework.web.servlet.handler.AbstractUrlHandlerMapping] - Mapped URL path [/user/login.*] onto handler 'userController'
[INFO][main][2016-10-31 11:29:25][org.springframework.web.servlet.handler.AbstractUrlHandlerMapping] - Mapped URL path [/user/login/] onto handler 'userController'
[INFO][main][2016-10-31 11:29:25][org.springframework.web.servlet.handler.AbstractUrlHandlerMapping] - Mapped URL path [/user] onto handler 'userController'
[INFO][main][2016-10-31 11:29:25][org.springframework.web.servlet.handler.AbstractUrlHandlerMapping] - Mapped URL path [/user.*] onto handler 'userController'
[INFO][main][2016-10-31 11:29:25][org.springframework.web.servlet.handler.AbstractUrlHandlerMapping] - Mapped URL path [/user/] onto handler 'userController'
[INFO][main][2016-10-31 11:29:25][org.springframework.web.servlet.handler.AbstractUrlHandlerMapping] - Mapped URL path [/audit] onto handler 'auditController'
[INFO][main][2016-10-31 11:29:25][org.springframework.web.servlet.handler.AbstractUrlHandlerMapping] - Mapped URL path [/audit.*] onto handler 'auditController'
[INFO][main][2016-10-31 11:29:25][org.springframework.web.servlet.handler.AbstractUrlHandlerMapping] - Mapped URL path [/audit/] onto handler 'auditController'
[INFO][main][2016-10-31 11:29:25][org.springframework.web.servlet.FrameworkServlet] - FrameworkServlet 'SpringMVC': initialization completed in 226 ms
[INFO][Shutdown][2016-10-31 11:29:26][org.springframework.context.support.AbstractApplicationContext] - Closing WebApplicationContext for namespace 'SpringMVC-servlet': startup date [Mon Oct 31 11:29:25 CST 2016]; parent: Root WebApplicationContext
[INFO][Shutdown][2016-10-31 11:29:26][org.springframework.context.support.AbstractApplicationContext] - Closing Root WebApplicationContext: startup date [Mon Oct 31 11:29:24 CST 2016]; root of context hierarchy
[INFO][Shutdown][2016-10-31 11:30:14][org.springframework.context.support.AbstractApplicationContext] - Closing WebApplicationContext for namespace 'SpringMVC-servlet': startup date [Mon Oct 31 11:27:12 CST 2016]; parent: Root WebApplicationContext
[INFO][Shutdown][2016-10-31 11:30:14][org.springframework.context.support.AbstractApplicationContext] - Closing Root WebApplicationContext: startup date [Mon Oct 31 11:27:11 CST 2016]; root of context hierarchy
[INFO][main][2016-10-31 11:31:37][org.springframework.web.context.ContextLoader] - Root WebApplicationContext: initialization started
[INFO][main][2016-10-31 11:31:38][org.springframework.context.support.AbstractApplicationContext] - Refreshing Root WebApplicationContext: startup date [Mon Oct 31 11:31:38 CST 2016]; root of context hierarchy
[INFO][main][2016-10-31 11:31:38][org.springframework.beans.factory.xml.XmlBeanDefinitionReader] - Loading XML bean definitions from class path resource [spring-mybatis.xml]
[INFO][main][2016-10-31 11:31:38][org.springframework.core.io.support.PropertiesLoaderSupport] - Loading properties file from class path resource [jdbc.properties]
[INFO][main][2016-10-31 11:31:38][org.springframework.beans.factory.annotation.AutowiredAnnotationBeanPostProcessor] - JSR-330 'javax.inject.Inject' annotation found and supported for autowiring
[INFO][main][2016-10-31 11:31:38][org.springframework.web.context.ContextLoader] - Root WebApplicationContext: initialization completed in 982 ms
[INFO][main][2016-10-31 11:31:39][org.springframework.web.servlet.FrameworkServlet] - FrameworkServlet 'SpringMVC': initialization started
[INFO][main][2016-10-31 11:31:39][org.springframework.context.support.AbstractApplicationContext] - Refreshing WebApplicationContext for namespace 'SpringMVC-servlet': startup date [Mon Oct 31 11:31:39 CST 2016]; parent: Root WebApplicationContext
[INFO][main][2016-10-31 11:31:39][org.springframework.beans.factory.xml.XmlBeanDefinitionReader] - Loading XML bean definitions from class path resource [spring-mvc.xml]
[INFO][main][2016-10-31 11:31:39][org.springframework.beans.factory.annotation.AutowiredAnnotationBeanPostProcessor] - JSR-330 'javax.inject.Inject' annotation found and supported for autowiring
[INFO][main][2016-10-31 11:31:39][org.springframework.web.servlet.handler.AbstractUrlHandlerMapping] - Mapped URL path [/apply] onto handler 'applyController'
[INFO][main][2016-10-31 11:31:39][org.springframework.web.servlet.handler.AbstractUrlHandlerMapping] - Mapped URL path [/apply.*] onto handler 'applyController'
[INFO][main][2016-10-31 11:31:39][org.springframework.web.servlet.handler.AbstractUrlHandlerMapping] - Mapped URL path [/apply/] onto handler 'applyController'
[INFO][main][2016-10-31 11:31:39][org.springframework.web.servlet.handler.AbstractUrlHandlerMapping] - Mapped URL path [/user/login] onto handler 'userController'
[INFO][main][2016-10-31 11:31:39][org.springframework.web.servlet.handler.AbstractUrlHandlerMapping] - Mapped URL path [/user/login.*] onto handler 'userController'
[INFO][main][2016-10-31 11:31:39][org.springframework.web.servlet.handler.AbstractUrlHandlerMapping] - Mapped URL path [/user/login/] onto handler 'userController'
[INFO][main][2016-10-31 11:31:39][org.springframework.web.servlet.handler.AbstractUrlHandlerMapping] - Mapped URL path [/user] onto handler 'userController'
[INFO][main][2016-10-31 11:31:39][org.springframework.web.servlet.handler.AbstractUrlHandlerMapping] - Mapped URL path [/user.*] onto handler 'userController'
[INFO][main][2016-10-31 11:31:39][org.springframework.web.servlet.handler.AbstractUrlHandlerMapping] - Mapped URL path [/user/] onto handler 'userController'
[INFO][main][2016-10-31 11:31:39][org.springframework.web.servlet.handler.AbstractUrlHandlerMapping] - Mapped URL path [/audit] onto handler 'auditController'
[INFO][main][2016-10-31 11:31:39][org.springframework.web.servlet.handler.AbstractUrlHandlerMapping] - Mapped URL path [/audit.*] onto handler 'auditController'
[INFO][main][2016-10-31 11:31:39][org.springframework.web.servlet.handler.AbstractUrlHandlerMapping] - Mapped URL path [/audit/] onto handler 'auditController'
[INFO][main][2016-10-31 11:31:39][org.springframework.web.servlet.FrameworkServlet] - FrameworkServlet 'SpringMVC': initialization completed in 233 ms
[INFO][main][2016-10-31 11:35:27][org.springframework.web.context.ContextLoader] - Root WebApplicationContext: initialization started
[INFO][main][2016-10-31 11:35:27][org.springframework.context.support.AbstractApplicationContext] - Refreshing Root WebApplicationContext: startup date [Mon Oct 31 11:35:27 CST 2016]; root of context hierarchy
[INFO][main][2016-10-31 11:35:27][org.springframework.beans.factory.xml.XmlBeanDefinitionReader] - Loading XML bean definitions from class path resource [spring-mybatis.xml]
[INFO][main][2016-10-31 11:35:27][org.springframework.core.io.support.PropertiesLoaderSupport] - Loading properties file from class path resource [jdbc.properties]
[INFO][main][2016-10-31 11:35:27][org.springframework.beans.factory.annotation.AutowiredAnnotationBeanPostProcessor] - JSR-330 'javax.inject.Inject' annotation found and supported for autowiring
[INFO][main][2016-10-31 11:35:28][org.springframework.web.context.ContextLoader] - Root WebApplicationContext: initialization completed in 979 ms
[INFO][main][2016-10-31 11:35:28][org.springframework.web.servlet.FrameworkServlet] - FrameworkServlet 'SpringMVC': initialization started
[INFO][main][2016-10-31 11:35:28][org.springframework.context.support.AbstractApplicationContext] - Refreshing WebApplicationContext for namespace 'SpringMVC-servlet': startup date [Mon Oct 31 11:35:28 CST 2016]; parent: Root WebApplicationContext
[INFO][main][2016-10-31 11:35:28][org.springframework.beans.factory.xml.XmlBeanDefinitionReader] - Loading XML bean definitions from class path resource [spring-mvc.xml]
[INFO][main][2016-10-31 11:35:28][org.springframework.beans.factory.annotation.AutowiredAnnotationBeanPostProcessor] - JSR-330 'javax.inject.Inject' annotation found and supported for autowiring
[INFO][main][2016-10-31 11:35:28][org.springframework.web.servlet.handler.AbstractUrlHandlerMapping] - Mapped URL path [/apply] onto handler 'applyController'
[INFO][main][2016-10-31 11:35:28][org.springframework.web.servlet.handler.AbstractUrlHandlerMapping] - Mapped URL path [/apply.*] onto handler 'applyController'
[INFO][main][2016-10-31 11:35:28][org.springframework.web.servlet.handler.AbstractUrlHandlerMapping] - Mapped URL path [/apply/] onto handler 'applyController'
[INFO][main][2016-10-31 11:35:28][org.springframework.web.servlet.handler.AbstractUrlHandlerMapping] - Mapped URL path [/user/login] onto handler 'userController'
[INFO][main][2016-10-31 11:35:28][org.springframework.web.servlet.handler.AbstractUrlHandlerMapping] - Mapped URL path [/user/login.*] onto handler 'userController'
[INFO][main][2016-10-31 11:35:28][org.springframework.web.servlet.handler.AbstractUrlHandlerMapping] - Mapped URL path [/user/login/] onto handler 'userController'
[INFO][main][2016-10-31 11:35:28][org.springframework.web.servlet.handler.AbstractUrlHandlerMapping] - Mapped URL path [/user] onto handler 'userController'
[INFO][main][2016-10-31 11:35:28][org.springframework.web.servlet.handler.AbstractUrlHandlerMapping] - Mapped URL path [/user.*] onto handler 'userController'
[INFO][main][2016-10-31 11:35:28][org.springframework.web.servlet.handler.AbstractUrlHandlerMapping] - Mapped URL path [/user/] onto handler 'userController'
[INFO][main][2016-10-31 11:35:28][org.springframework.web.servlet.handler.AbstractUrlHandlerMapping] - Mapped URL path [/audit] onto handler 'auditController'
[INFO][main][2016-10-31 11:35:28][org.springframework.web.servlet.handler.AbstractUrlHandlerMapping] - Mapped URL path [/audit.*] onto handler 'auditController'
[INFO][main][2016-10-31 11:35:28][org.springframework.web.servlet.handler.AbstractUrlHandlerMapping] - Mapped URL path [/audit/] onto handler 'auditController'
[INFO][main][2016-10-31 11:35:28][org.springframework.web.servlet.FrameworkServlet] - FrameworkServlet 'SpringMVC': initialization completed in 241 ms
[INFO][Shutdown][2016-10-31 11:35:29][org.springframework.context.support.AbstractApplicationContext] - Closing WebApplicationContext for namespace 'SpringMVC-servlet': startup date [Mon Oct 31 11:35:28 CST 2016]; parent: Root WebApplicationContext
[INFO][Shutdown][2016-10-31 11:35:29][org.springframework.context.support.AbstractApplicationContext] - Closing Root WebApplicationContext: startup date [Mon Oct 31 11:35:27 CST 2016]; root of context hierarchy
[INFO][Shutdown][2016-10-31 11:36:11][org.springframework.context.support.AbstractApplicationContext] - Closing WebApplicationContext for namespace 'SpringMVC-servlet': startup date [Mon Oct 31 11:31:39 CST 2016]; parent: Root WebApplicationContext
[INFO][Shutdown][2016-10-31 11:36:11][org.springframework.context.support.AbstractApplicationContext] - Closing Root WebApplicationContext: startup date [Mon Oct 31 11:31:38 CST 2016]; root of context hierarchy
[INFO][main][2016-11-05 00:29:30][org.springframework.web.context.ContextLoader] - Root WebApplicationContext: initialization started
[INFO][main][2016-11-05 00:29:30][org.springframework.context.support.AbstractApplicationContext] - Refreshing Root WebApplicationContext: startup date [Sat Nov 05 00:29:30 CST 2016]; root of context hierarchy
[INFO][main][2016-11-05 00:29:30][org.springframework.beans.factory.xml.XmlBeanDefinitionReader] - Loading XML bean definitions from class path resource [spring-mybatis.xml]
[INFO][main][2016-11-05 00:29:31][org.springframework.core.io.support.PropertiesLoaderSupport] - Loading properties file from class path resource [jdbc.properties]
[INFO][main][2016-11-05 00:29:31][org.springframework.beans.factory.annotation.AutowiredAnnotationBeanPostProcessor] - JSR-330 'javax.inject.Inject' annotation found and supported for autowiring
[INFO][main][2016-11-05 00:29:31][org.springframework.web.context.ContextLoader] - Root WebApplicationContext: initialization completed in 1220 ms
[INFO][main][2016-11-05 00:29:31][org.springframework.web.servlet.FrameworkServlet] - FrameworkServlet 'SpringMVC': initialization started
[INFO][main][2016-11-05 00:29:31][org.springframework.context.support.AbstractApplicationContext] - Refreshing WebApplicationContext for namespace 'SpringMVC-servlet': startup date [Sat Nov 05 00:29:31 CST 2016]; parent: Root WebApplicationContext
[INFO][main][2016-11-05 00:29:31][org.springframework.beans.factory.xml.XmlBeanDefinitionReader] - Loading XML bean definitions from class path resource [spring-mvc.xml]
[INFO][main][2016-11-05 00:29:31][org.springframework.beans.factory.annotation.AutowiredAnnotationBeanPostProcessor] - JSR-330 'javax.inject.Inject' annotation found and supported for autowiring
[INFO][main][2016-11-05 00:29:32][org.springframework.web.servlet.handler.AbstractUrlHandlerMapping] - Mapped URL path [/apply] onto handler 'applyController'
[INFO][main][2016-11-05 00:29:32][org.springframework.web.servlet.handler.AbstractUrlHandlerMapping] - Mapped URL path [/apply.*] onto handler 'applyController'
[INFO][main][2016-11-05 00:29:32][org.springframework.web.servlet.handler.AbstractUrlHandlerMapping] - Mapped URL path [/apply/] onto handler 'applyController'
[INFO][main][2016-11-05 00:29:32][org.springframework.web.servlet.handler.AbstractUrlHandlerMapping] - Mapped URL path [/audit] onto handler 'auditController'
[INFO][main][2016-11-05 00:29:32][org.springframework.web.servlet.handler.AbstractUrlHandlerMapping] - Mapped URL path [/audit.*] onto handler 'auditController'
[INFO][main][2016-11-05 00:29:32][org.springframework.web.servlet.handler.AbstractUrlHandlerMapping] - Mapped URL path [/audit/] onto handler 'auditController'
[INFO][main][2016-11-05 00:29:32][org.springframework.web.servlet.handler.AbstractUrlHandlerMapping] - Mapped URL path [/user/login] onto handler 'userController'
[INFO][main][2016-11-05 00:29:32][org.springframework.web.servlet.handler.AbstractUrlHandlerMapping] - Mapped URL path [/user/login.*] onto handler 'userController'
[INFO][main][2016-11-05 00:29:32][org.springframework.web.servlet.handler.AbstractUrlHandlerMapping] - Mapped URL path [/user/login/] onto handler 'userController'
[INFO][main][2016-11-05 00:29:32][org.springframework.web.servlet.handler.AbstractUrlHandlerMapping] - Mapped URL path [/user] onto handler 'userController'
[INFO][main][2016-11-05 00:29:32][org.springframework.web.servlet.handler.AbstractUrlHandlerMapping] - Mapped URL path [/user.*] onto handler 'userController'
[INFO][main][2016-11-05 00:29:32][org.springframework.web.servlet.handler.AbstractUrlHandlerMapping] - Mapped URL path [/user/] onto handler 'userController'
[INFO][main][2016-11-05 00:29:32][org.springframework.web.servlet.FrameworkServlet] - FrameworkServlet 'SpringMVC': initialization completed in 306 ms
[INFO][Shutdown][2016-11-05 00:31:00][org.springframework.context.support.AbstractApplicationContext] - Closing WebApplicationContext for namespace 'SpringMVC-servlet': startup date [Sat Nov 05 00:29:31 CST 2016]; parent: Root WebApplicationContext
[INFO][Shutdown][2016-11-05 00:31:00][org.springframework.context.support.AbstractApplicationContext] - Closing Root WebApplicationContext: startup date [Sat Nov 05 00:29:30 CST 2016]; root of context hierarchy
[INFO][main][2016-11-05 16:07:29][org.springframework.web.context.ContextLoader] - Root WebApplicationContext: initialization started
[INFO][main][2016-11-05 16:07:29][org.springframework.context.support.AbstractApplicationContext] - Refreshing Root WebApplicationContext: startup date [Sat Nov 05 16:07:29 CST 2016]; root of context hierarchy
[INFO][main][2016-11-05 16:07:29][org.springframework.beans.factory.xml.XmlBeanDefinitionReader] - Loading XML bean definitions from class path resource [spring-mybatis.xml]
[INFO][main][2016-11-05 16:07:30][org.springframework.core.io.support.PropertiesLoaderSupport] - Loading properties file from class path resource [jdbc.properties]
[INFO][main][2016-11-05 16:07:30][org.springframework.beans.factory.annotation.AutowiredAnnotationBeanPostProcessor] - JSR-330 'javax.inject.Inject' annotation found and supported for autowiring
[INFO][main][2016-11-05 16:07:31][org.springframework.web.context.ContextLoader] - Root WebApplicationContext: initialization completed in 1655 ms
[INFO][main][2016-11-05 16:07:31][org.springframework.web.servlet.FrameworkServlet] - FrameworkServlet 'SpringMVC': initialization started
[INFO][main][2016-11-05 16:07:31][org.springframework.context.support.AbstractApplicationContext] - Refreshing WebApplicationContext for namespace 'SpringMVC-servlet': startup date [Sat Nov 05 16:07:31 CST 2016]; parent: Root WebApplicationContext
[INFO][main][2016-11-05 16:07:31][org.springframework.beans.factory.xml.XmlBeanDefinitionReader] - Loading XML bean definitions from class path resource [spring-mvc.xml]
[INFO][main][2016-11-05 16:07:31][org.springframework.beans.factory.annotation.AutowiredAnnotationBeanPostProcessor] - JSR-330 'javax.inject.Inject' annotation found and supported for autowiring
[INFO][main][2016-11-05 16:07:32][org.springframework.web.servlet.handler.AbstractUrlHandlerMapping] - Mapped URL path [/apply] onto handler 'applyController'
[INFO][main][2016-11-05 16:07:32][org.springframework.web.servlet.handler.AbstractUrlHandlerMapping] - Mapped URL path [/apply.*] onto handler 'applyController'
[INFO][main][2016-11-05 16:07:32][org.springframework.web.servlet.handler.AbstractUrlHandlerMapping] - Mapped URL path [/apply/] onto handler 'applyController'
[INFO][main][2016-11-05 16:07:32][org.springframework.web.servlet.handler.AbstractUrlHandlerMapping] - Mapped URL path [/audit] onto handler 'auditController'
[INFO][main][2016-11-05 16:07:32][org.springframework.web.servlet.handler.AbstractUrlHandlerMapping] - Mapped URL path [/audit.*] onto handler 'auditController'
[INFO][main][2016-11-05 16:07:32][org.springframework.web.servlet.handler.AbstractUrlHandlerMapping] - Mapped URL path [/audit/] onto handler 'auditController'
[INFO][main][2016-11-05 16:07:32][org.springframework.web.servlet.handler.AbstractUrlHandlerMapping] - Mapped URL path [/user/login] onto handler 'userController'
[INFO][main][2016-11-05 16:07:32][org.springframework.web.servlet.handler.AbstractUrlHandlerMapping] - Mapped URL path [/user/login.*] onto handler 'userController'
[INFO][main][2016-11-05 16:07:32][org.springframework.web.servlet.handler.AbstractUrlHandlerMapping] - Mapped URL path [/user/login/] onto handler 'userController'
[INFO][main][2016-11-05 16:07:32][org.springframework.web.servlet.handler.AbstractUrlHandlerMapping] - Mapped URL path [/user] onto handler 'userController'
[INFO][main][2016-11-05 16:07:32][org.springframework.web.servlet.handler.AbstractUrlHandlerMapping] - Mapped URL path [/user.*] onto handler 'userController'
[INFO][main][2016-11-05 16:07:32][org.springframework.web.servlet.handler.AbstractUrlHandlerMapping] - Mapped URL path [/user/] onto handler 'userController'
[INFO][main][2016-11-05 16:07:32][org.springframework.web.servlet.FrameworkServlet] - FrameworkServlet 'SpringMVC': initialization completed in 315 ms
[INFO][Shutdown][2016-11-05 16:09:34][org.springframework.context.support.AbstractApplicationContext] - Closing WebApplicationContext for namespace 'SpringMVC-servlet': startup date [Sat Nov 05 16:07:31 CST 2016]; parent: Root WebApplicationContext
[INFO][Shutdown][2016-11-05 16:09:34][org.springframework.context.support.AbstractApplicationContext] - Closing Root WebApplicationContext: startup date [Sat Nov 05 16:07:29 CST 2016]; root of context hierarchy
[INFO][main][2016-11-05 22:45:31][org.springframework.web.context.ContextLoader] - Root WebApplicationContext: initialization started
[INFO][main][2016-11-05 22:45:31][org.springframework.context.support.AbstractApplicationContext] - Refreshing Root WebApplicationContext: startup date [Sat Nov 05 22:45:31 CST 2016]; root of context hierarchy
[INFO][main][2016-11-05 22:45:32][org.springframework.beans.factory.xml.XmlBeanDefinitionReader] - Loading XML bean definitions from class path resource [spring-mybatis.xml]
[INFO][main][2016-11-05 22:45:33][org.springframework.core.io.support.PropertiesLoaderSupport] - Loading properties file from class path resource [jdbc.properties]
[INFO][main][2016-11-05 22:45:33][org.springframework.beans.factory.annotation.AutowiredAnnotationBeanPostProcessor] - JSR-330 'javax.inject.Inject' annotation found and supported for autowiring
[INFO][main][2016-11-05 22:45:34][org.springframework.web.context.ContextLoader] - Root WebApplicationContext: initialization completed in 2722 ms
[INFO][main][2016-11-05 22:45:35][org.springframework.web.servlet.FrameworkServlet] - FrameworkServlet 'SpringMVC': initialization started
[INFO][main][2016-11-05 22:45:35][org.springframework.context.support.AbstractApplicationContext] - Refreshing WebApplicationContext for namespace 'SpringMVC-servlet': startup date [Sat Nov 05 22:45:35 CST 2016]; parent: Root WebApplicationContext
[INFO][main][2016-11-05 22:45:35][org.springframework.beans.factory.xml.XmlBeanDefinitionReader] - Loading XML bean definitions from class path resource [spring-mvc.xml]
[INFO][main][2016-11-05 22:45:35][org.springframework.beans.factory.annotation.AutowiredAnnotationBeanPostProcessor] - JSR-330 'javax.inject.Inject' annotation found and supported for autowiring
[INFO][main][2016-11-05 22:45:35][org.springframework.web.servlet.handler.AbstractUrlHandlerMapping] - Mapped URL path [/apply] onto handler 'applyController'
[INFO][main][2016-11-05 22:45:35][org.springframework.web.servlet.handler.AbstractUrlHandlerMapping] - Mapped URL path [/apply.*] onto handler 'applyController'
[INFO][main][2016-11-05 22:45:35][org.springframework.web.servlet.handler.AbstractUrlHandlerMapping] - Mapped URL path [/apply/] onto handler 'applyController'
[INFO][main][2016-11-05 22:45:35][org.springframework.web.servlet.handler.AbstractUrlHandlerMapping] - Mapped URL path [/audit] onto handler 'auditController'
[INFO][main][2016-11-05 22:45:35][org.springframework.web.servlet.handler.AbstractUrlHandlerMapping] - Mapped URL path [/audit.*] onto handler 'auditController'
[INFO][main][2016-11-05 22:45:35][org.springframework.web.servlet.handler.AbstractUrlHandlerMapping] - Mapped URL path [/audit/] onto handler 'auditController'
[INFO][main][2016-11-05 22:45:35][org.springframework.web.servlet.handler.AbstractUrlHandlerMapping] - Mapped URL path [/user/login] onto handler 'userController'
[INFO][main][2016-11-05 22:45:35][org.springframework.web.servlet.handler.AbstractUrlHandlerMapping] - Mapped URL path [/user/login.*] onto handler 'userController'
[INFO][main][2016-11-05 22:45:35][org.springframework.web.servlet.handler.AbstractUrlHandlerMapping] - Mapped URL path [/user/login/] onto handler 'userController'
[INFO][main][2016-11-05 22:45:35][org.springframework.web.servlet.handler.AbstractUrlHandlerMapping] - Mapped URL path [/user] onto handler 'userController'
[INFO][main][2016-11-05 22:45:35][org.springframework.web.servlet.handler.AbstractUrlHandlerMapping] - Mapped URL path [/user.*] onto handler 'userController'
[INFO][main][2016-11-05 22:45:35][org.springframework.web.servlet.handler.AbstractUrlHandlerMapping] - Mapped URL path [/user/] onto handler 'userController'
[INFO][main][2016-11-05 22:45:35][org.springframework.web.servlet.FrameworkServlet] - FrameworkServlet 'SpringMVC': initialization completed in 426 ms
[INFO][Shutdown][2016-11-05 22:48:54][org.springframework.context.support.AbstractApplicationContext] - Closing WebApplicationContext for namespace 'SpringMVC-servlet': startup date [Sat Nov 05 22:45:35 CST 2016]; parent: Root WebApplicationContext
[INFO][Shutdown][2016-11-05 22:48:54][org.springframework.context.support.AbstractApplicationContext] - Closing Root WebApplicationContext: startup date [Sat Nov 05 22:45:31 CST 2016]; root of context hierarchy
[INFO][main][2016-11-05 23:06:59][org.springframework.web.context.ContextLoader] - Root WebApplicationContext: initialization started
[INFO][main][2016-11-05 23:06:59][org.springframework.context.support.AbstractApplicationContext] - Refreshing Root WebApplicationContext: startup date [Sat Nov 05 23:06:59 CST 2016]; root of context hierarchy
[INFO][main][2016-11-05 23:06:59][org.springframework.beans.factory.xml.XmlBeanDefinitionReader] - Loading XML bean definitions from class path resource [spring-mybatis.xml]
[INFO][main][2016-11-05 23:07:00][org.springframework.core.io.support.PropertiesLoaderSupport] - Loading properties file from class path resource [jdbc.properties]
[INFO][main][2016-11-05 23:07:00][org.springframework.beans.factory.annotation.AutowiredAnnotationBeanPostProcessor] - JSR-330 'javax.inject.Inject' annotation found and supported for autowiring
[INFO][main][2016-11-05 23:07:01][org.springframework.web.context.ContextLoader] - Root WebApplicationContext: initialization completed in 2647 ms
[INFO][main][2016-11-05 23:07:02][org.springframework.web.servlet.FrameworkServlet] - FrameworkServlet 'SpringMVC': initialization started
[INFO][main][2016-11-05 23:07:02][org.springframework.context.support.AbstractApplicationContext] - Refreshing WebApplicationContext for namespace 'SpringMVC-servlet': startup date [Sat Nov 05 23:07:02 CST 2016]; parent: Root WebApplicationContext
[INFO][main][2016-11-05 23:07:02][org.springframework.beans.factory.xml.XmlBeanDefinitionReader] - Loading XML bean definitions from class path resource [spring-mvc.xml]
[INFO][main][2016-11-05 23:07:02][org.springframework.beans.factory.annotation.AutowiredAnnotationBeanPostProcessor] - JSR-330 'javax.inject.Inject' annotation found and supported for autowiring
[INFO][main][2016-11-05 23:07:03][org.springframework.web.servlet.handler.AbstractUrlHandlerMapping] - Mapped URL path [/apply] onto handler 'applyController'
[INFO][main][2016-11-05 23:07:03][org.springframework.web.servlet.handler.AbstractUrlHandlerMapping] - Mapped URL path [/apply.*] onto handler 'applyController'
[INFO][main][2016-11-05 23:07:03][org.springframework.web.servlet.handler.AbstractUrlHandlerMapping] - Mapped URL path [/apply/] onto handler 'applyController'
[INFO][main][2016-11-05 23:07:03][org.springframework.web.servlet.handler.AbstractUrlHandlerMapping] - Mapped URL path [/audit] onto handler 'auditController'
[INFO][main][2016-11-05 23:07:03][org.springframework.web.servlet.handler.AbstractUrlHandlerMapping] - Mapped URL path [/audit.*] onto handler 'auditController'
[INFO][main][2016-11-05 23:07:03][org.springframework.web.servlet.handler.AbstractUrlHandlerMapping] - Mapped URL path [/audit/] onto handler 'auditController'
[INFO][main][2016-11-05 23:07:03][org.springframework.web.servlet.handler.AbstractUrlHandlerMapping] - Mapped URL path [/user/login] onto handler 'userController'
[INFO][main][2016-11-05 23:07:03][org.springframework.web.servlet.handler.AbstractUrlHandlerMapping] - Mapped URL path [/user/login.*] onto handler 'userController'
[INFO][main][2016-11-05 23:07:03][org.springframework.web.servlet.handler.AbstractUrlHandlerMapping] - Mapped URL path [/user/login/] onto handler 'userController'
[INFO][main][2016-11-05 23:07:03][org.springframework.web.servlet.handler.AbstractUrlHandlerMapping] - Mapped URL path [/user] onto handler 'userController'
[INFO][main][2016-11-05 23:07:03][org.springframework.web.servlet.handler.AbstractUrlHandlerMapping] - Mapped URL path [/user.*] onto handler 'userController'
[INFO][main][2016-11-05 23:07:03][org.springframework.web.servlet.handler.AbstractUrlHandlerMapping] - Mapped URL path [/user/] onto handler 'userController'
[INFO][main][2016-11-05 23:07:03][org.springframework.web.servlet.FrameworkServlet] - FrameworkServlet 'SpringMVC': initialization completed in 410 ms
[INFO][Shutdown][2016-11-05 23:07:04][org.springframework.context.support.AbstractApplicationContext] - Closing WebApplicationContext for namespace 'SpringMVC-servlet': startup date [Sat Nov 05 23:07:02 CST 2016]; parent: Root WebApplicationContext
